The system is: Linux - 5.4.13-arch1-1 - x86_64
Compiling the C compiler identification source file "CMakeCCompilerId.c" succeeded.
Compiler: /usr/bin/cc 
Build flags: 
Id flags:  

The output was:
0


Compilation of the C compiler identification source "CMakeCCompilerId.c" produced "a.out"

The C compiler identification is GNU, found in "/home/water/blockchains/catalyst-cli/cmake-build-debug/CMakeFiles/3.15.3/CompilerIdC/a.out"

Compiling the CXX compiler identification source file "CMakeCXXCompilerId.cpp" succeeded.
Compiler: /usr/bin/c++ 
Build flags: 
Id flags:  

The output was:
0


Compilation of the CXX compiler identification source "CMakeCXXCompilerId.cpp" produced "a.out"

The CXX compiler identification is GNU, found in "/home/water/blockchains/catalyst-cli/cmake-build-debug/CMakeFiles/3.15.3/CompilerIdCXX/a.out"

Determining if the C compiler works passed with the following output:
Change Dir: /home/water/blockchains/catalyst-cli/cmake-build-debug/CMakeFiles/CMakeTmp

Run Build Command(s):/usr/bin/make cmTC_74b96/fast && /usr/bin/make -f CMakeFiles/cmTC_74b96.dir/build.make CMakeFiles/cmTC_74b96.dir/build
make[1]: Entering directory '/home/water/blockchains/catalyst-cli/cmake-build-debug/CMakeFiles/CMakeTmp'
Building C object CMakeFiles/cmTC_74b96.dir/testCCompiler.c.o
/usr/bin/cc    -o CMakeFiles/cmTC_74b96.dir/testCCompiler.c.o   -c /home/water/blockchains/catalyst-cli/cmake-build-debug/CMakeFiles/CMakeTmp/testCCompiler.c
Linking C executable cmTC_74b96
/home/water/.local/share/JetBrains/Toolbox/apps/CLion/ch-0/193.6015.37/bin/cmake/linux/bin/cmake -E cmake_link_script CMakeFiles/cmTC_74b96.dir/link.txt --verbose=1
/usr/bin/cc      CMakeFiles/cmTC_74b96.dir/testCCompiler.c.o  -o cmTC_74b96 
make[1]: Leaving directory '/home/water/blockchains/catalyst-cli/cmake-build-debug/CMakeFiles/CMakeTmp'



Detecting C compiler ABI info compiled with the following output:
Change Dir: /home/water/blockchains/catalyst-cli/cmake-build-debug/CMakeFiles/CMakeTmp

Run Build Command(s):/usr/bin/make cmTC_4bd97/fast && /usr/bin/make -f CMakeFiles/cmTC_4bd97.dir/build.make CMakeFiles/cmTC_4bd97.dir/build
make[1]: Entering directory '/home/water/blockchains/catalyst-cli/cmake-build-debug/CMakeFiles/CMakeTmp'
Building C object CMakeFiles/cmTC_4bd97.dir/CMakeCCompilerABI.c.o
/usr/bin/cc   -v -o CMakeFiles/cmTC_4bd97.dir/CMakeCCompilerABI.c.o   -c /home/water/.local/share/JetBrains/Toolbox/apps/CLion/ch-0/193.6015.37/bin/cmake/linux/share/cmake-3.15/Modules/CMakeCCompilerABI.c
Using built-in specs.
COLLECT_GCC=/usr/bin/cc
Target: x86_64-pc-linux-gnu
Configured with: /build/gcc/src/gcc/configure --prefix=/usr --libdir=/usr/lib --libexecdir=/usr/lib --mandir=/usr/share/man --infodir=/usr/share/info --with-bugurl=https://bugs.archlinux.org/ --enable-languages=c,c++,ada,fortran,go,lto,objc,obj-c++,d --enable-shared --enable-threads=posix --with-system-zlib --with-isl --enable-__cxa_atexit --disable-libunwind-exceptions --enable-clocale=gnu --disable-libstdcxx-pch --disable-libssp --enable-gnu-unique-object --enable-linker-build-id --enable-lto --enable-plugin --enable-install-libiberty --with-linker-hash-style=gnu --enable-gnu-indirect-function --enable-multilib --disable-werror --enable-checking=release --enable-default-pie --enable-default-ssp --enable-cet=auto gdc_include_dir=/usr/include/dlang/gdc
Thread model: posix
gcc version 9.2.0 (GCC) 
COLLECT_GCC_OPTIONS='-v' '-o' 'CMakeFiles/cmTC_4bd97.dir/CMakeCCompilerABI.c.o' '-c' '-mtune=generic' '-march=x86-64'
 /usr/lib/gcc/x86_64-pc-linux-gnu/9.2.0/cc1 -quiet -v /home/water/.local/share/JetBrains/Toolbox/apps/CLion/ch-0/193.6015.37/bin/cmake/linux/share/cmake-3.15/Modules/CMakeCCompilerABI.c -quiet -dumpbase CMakeCCompilerABI.c -mtune=generic -march=x86-64 -auxbase-strip CMakeFiles/cmTC_4bd97.dir/CMakeCCompilerABI.c.o -version -o /tmp/ccbqrBst.s
GNU C17 (GCC) version 9.2.0 (x86_64-pc-linux-gnu)
	compiled by GNU C version 9.2.0, GMP version 6.1.2, MPFR version 4.0.2, MPC version 1.1.0, isl version isl-0.21-GMP

GGC heuristics: --param ggc-min-expand=100 --param ggc-min-heapsize=131072
ignoring nonexistent directory "/usr/lib/gcc/x86_64-pc-linux-gnu/9.2.0/../../../../x86_64-pc-linux-gnu/include"
#include "..." search starts here:
#include <...> search starts here:
 /usr/lib/gcc/x86_64-pc-linux-gnu/9.2.0/include
 /usr/local/include
 /usr/lib/gcc/x86_64-pc-linux-gnu/9.2.0/include-fixed
 /usr/include
End of search list.
GNU C17 (GCC) version 9.2.0 (x86_64-pc-linux-gnu)
	compiled by GNU C version 9.2.0, GMP version 6.1.2, MPFR version 4.0.2, MPC version 1.1.0, isl version isl-0.21-GMP

GGC heuristics: --param ggc-min-expand=100 --param ggc-min-heapsize=131072
Compiler executable checksum: 084559c67b5620be476de387987f6c74
COLLECT_GCC_OPTIONS='-v' '-o' 'CMakeFiles/cmTC_4bd97.dir/CMakeCCompilerABI.c.o' '-c' '-mtune=generic' '-march=x86-64'
 as -v --64 -o CMakeFiles/cmTC_4bd97.dir/CMakeCCompilerABI.c.o /tmp/ccbqrBst.s
GNU assembler version 2.33.1 (x86_64-pc-linux-gnu) using BFD version (GNU Binutils) 2.33.1
COMPILER_PATH=/usr/lib/gcc/x86_64-pc-linux-gnu/9.2.0/:/usr/lib/gcc/x86_64-pc-linux-gnu/9.2.0/:/usr/lib/gcc/x86_64-pc-linux-gnu/:/usr/lib/gcc/x86_64-pc-linux-gnu/9.2.0/:/usr/lib/gcc/x86_64-pc-linux-gnu/
LIBRARY_PATH=/usr/lib/gcc/x86_64-pc-linux-gnu/9.2.0/:/usr/lib/gcc/x86_64-pc-linux-gnu/9.2.0/../../../../lib/:/lib/../lib/:/usr/lib/../lib/:/usr/lib/gcc/x86_64-pc-linux-gnu/9.2.0/../../../:/lib/:/usr/lib/
COLLECT_GCC_OPTIONS='-v' '-o' 'CMakeFiles/cmTC_4bd97.dir/CMakeCCompilerABI.c.o' '-c' '-mtune=generic' '-march=x86-64'
Linking C executable cmTC_4bd97
/home/water/.local/share/JetBrains/Toolbox/apps/CLion/ch-0/193.6015.37/bin/cmake/linux/bin/cmake -E cmake_link_script CMakeFiles/cmTC_4bd97.dir/link.txt --verbose=1
/usr/bin/cc     -v CMakeFiles/cmTC_4bd97.dir/CMakeCCompilerABI.c.o  -o cmTC_4bd97 
Using built-in specs.
COLLECT_GCC=/usr/bin/cc
COLLECT_LTO_WRAPPER=/usr/lib/gcc/x86_64-pc-linux-gnu/9.2.0/lto-wrapper
Target: x86_64-pc-linux-gnu
Configured with: /build/gcc/src/gcc/configure --prefix=/usr --libdir=/usr/lib --libexecdir=/usr/lib --mandir=/usr/share/man --infodir=/usr/share/info --with-bugurl=https://bugs.archlinux.org/ --enable-languages=c,c++,ada,fortran,go,lto,objc,obj-c++,d --enable-shared --enable-threads=posix --with-system-zlib --with-isl --enable-__cxa_atexit --disable-libunwind-exceptions --enable-clocale=gnu --disable-libstdcxx-pch --disable-libssp --enable-gnu-unique-object --enable-linker-build-id --enable-lto --enable-plugin --enable-install-libiberty --with-linker-hash-style=gnu --enable-gnu-indirect-function --enable-multilib --disable-werror --enable-checking=release --enable-default-pie --enable-default-ssp --enable-cet=auto gdc_include_dir=/usr/include/dlang/gdc
Thread model: posix
gcc version 9.2.0 (GCC) 
COMPILER_PATH=/usr/lib/gcc/x86_64-pc-linux-gnu/9.2.0/:/usr/lib/gcc/x86_64-pc-linux-gnu/9.2.0/:/usr/lib/gcc/x86_64-pc-linux-gnu/:/usr/lib/gcc/x86_64-pc-linux-gnu/9.2.0/:/usr/lib/gcc/x86_64-pc-linux-gnu/
LIBRARY_PATH=/usr/lib/gcc/x86_64-pc-linux-gnu/9.2.0/:/usr/lib/gcc/x86_64-pc-linux-gnu/9.2.0/../../../../lib/:/lib/../lib/:/usr/lib/../lib/:/usr/lib/gcc/x86_64-pc-linux-gnu/9.2.0/../../../:/lib/:/usr/lib/
COLLECT_GCC_OPTIONS='-v' '-o' 'cmTC_4bd97' '-mtune=generic' '-march=x86-64'
 /usr/lib/gcc/x86_64-pc-linux-gnu/9.2.0/collect2 -plugin /usr/lib/gcc/x86_64-pc-linux-gnu/9.2.0/liblto_plugin.so -plugin-opt=/usr/lib/gcc/x86_64-pc-linux-gnu/9.2.0/lto-wrapper -plugin-opt=-fresolution=/tmp/ccWQpDSR.res -plugin-opt=-pass-through=-lgcc -plugin-opt=-pass-through=-lgcc_s -plugin-opt=-pass-through=-lc -plugin-opt=-pass-through=-lgcc -plugin-opt=-pass-through=-lgcc_s --build-id --eh-frame-hdr --hash-style=gnu -m elf_x86_64 -dynamic-linker /lib64/ld-linux-x86-64.so.2 -pie -o cmTC_4bd97 /usr/lib/gcc/x86_64-pc-linux-gnu/9.2.0/../../../../lib/Scrt1.o /usr/lib/gcc/x86_64-pc-linux-gnu/9.2.0/../../../../lib/crti.o /usr/lib/gcc/x86_64-pc-linux-gnu/9.2.0/crtbeginS.o -L/usr/lib/gcc/x86_64-pc-linux-gnu/9.2.0 -L/usr/lib/gcc/x86_64-pc-linux-gnu/9.2.0/../../../../lib -L/lib/../lib -L/usr/lib/../lib -L/usr/lib/gcc/x86_64-pc-linux-gnu/9.2.0/../../.. CMakeFiles/cmTC_4bd97.dir/CMakeCCompilerABI.c.o -lgcc --push-state --as-needed -lgcc_s --pop-state -lc -lgcc --push-state --as-needed -lgcc_s --pop-state /usr/lib/gcc/x86_64-pc-linux-gnu/9.2.0/crtendS.o /usr/lib/gcc/x86_64-pc-linux-gnu/9.2.0/../../../../lib/crtn.o
COLLECT_GCC_OPTIONS='-v' '-o' 'cmTC_4bd97' '-mtune=generic' '-march=x86-64'
make[1]: Leaving directory '/home/water/blockchains/catalyst-cli/cmake-build-debug/CMakeFiles/CMakeTmp'



Parsed C implicit include dir info from above output: rv=done
  found start of include info
  found start of implicit include info
    add: [/usr/lib/gcc/x86_64-pc-linux-gnu/9.2.0/include]
    add: [/usr/local/include]
    add: [/usr/lib/gcc/x86_64-pc-linux-gnu/9.2.0/include-fixed]
    add: [/usr/include]
  end of search list found
  collapse include dir [/usr/lib/gcc/x86_64-pc-linux-gnu/9.2.0/include] ==> [/usr/lib/gcc/x86_64-pc-linux-gnu/9.2.0/include]
  collapse include dir [/usr/local/include] ==> [/usr/local/include]
  collapse include dir [/usr/lib/gcc/x86_64-pc-linux-gnu/9.2.0/include-fixed] ==> [/usr/lib/gcc/x86_64-pc-linux-gnu/9.2.0/include-fixed]
  collapse include dir [/usr/include] ==> [/usr/include]
  implicit include dirs: [/usr/lib/gcc/x86_64-pc-linux-gnu/9.2.0/include;/usr/local/include;/usr/lib/gcc/x86_64-pc-linux-gnu/9.2.0/include-fixed;/usr/include]


Parsed C implicit link information from above output:
  link line regex: [^( *|.*[/\])(ld|CMAKE_LINK_STARTFILE-NOTFOUND|([^/\]+-)?ld|collect2)[^/\]*( |$)]
  ignore line: [Change Dir: /home/water/blockchains/catalyst-cli/cmake-build-debug/CMakeFiles/CMakeTmp]
  ignore line: []
  ignore line: [Run Build Command(s):/usr/bin/make cmTC_4bd97/fast && /usr/bin/make -f CMakeFiles/cmTC_4bd97.dir/build.make CMakeFiles/cmTC_4bd97.dir/build]
  ignore line: [make[1]: Entering directory '/home/water/blockchains/catalyst-cli/cmake-build-debug/CMakeFiles/CMakeTmp']
  ignore line: [Building C object CMakeFiles/cmTC_4bd97.dir/CMakeCCompilerABI.c.o]
  ignore line: [/usr/bin/cc   -v -o CMakeFiles/cmTC_4bd97.dir/CMakeCCompilerABI.c.o   -c /home/water/.local/share/JetBrains/Toolbox/apps/CLion/ch-0/193.6015.37/bin/cmake/linux/share/cmake-3.15/Modules/CMakeCCompilerABI.c]
  ignore line: [Using built-in specs.]
  ignore line: [COLLECT_GCC=/usr/bin/cc]
  ignore line: [Target: x86_64-pc-linux-gnu]
  ignore line: [Configured with: /build/gcc/src/gcc/configure --prefix=/usr --libdir=/usr/lib --libexecdir=/usr/lib --mandir=/usr/share/man --infodir=/usr/share/info --with-bugurl=https://bugs.archlinux.org/ --enable-languages=c,c++,ada,fortran,go,lto,objc,obj-c++,d --enable-shared --enable-threads=posix --with-system-zlib --with-isl --enable-__cxa_atexit --disable-libunwind-exceptions --enable-clocale=gnu --disable-libstdcxx-pch --disable-libssp --enable-gnu-unique-object --enable-linker-build-id --enable-lto --enable-plugin --enable-install-libiberty --with-linker-hash-style=gnu --enable-gnu-indirect-function --enable-multilib --disable-werror --enable-checking=release --enable-default-pie --enable-default-ssp --enable-cet=auto gdc_include_dir=/usr/include/dlang/gdc]
  ignore line: [Thread model: posix]
  ignore line: [gcc version 9.2.0 (GCC) ]
  ignore line: [COLLECT_GCC_OPTIONS='-v' '-o' 'CMakeFiles/cmTC_4bd97.dir/CMakeCCompilerABI.c.o' '-c' '-mtune=generic' '-march=x86-64']
  ignore line: [ /usr/lib/gcc/x86_64-pc-linux-gnu/9.2.0/cc1 -quiet -v /home/water/.local/share/JetBrains/Toolbox/apps/CLion/ch-0/193.6015.37/bin/cmake/linux/share/cmake-3.15/Modules/CMakeCCompilerABI.c -quiet -dumpbase CMakeCCompilerABI.c -mtune=generic -march=x86-64 -auxbase-strip CMakeFiles/cmTC_4bd97.dir/CMakeCCompilerABI.c.o -version -o /tmp/ccbqrBst.s]
  ignore line: [GNU C17 (GCC) version 9.2.0 (x86_64-pc-linux-gnu)]
  ignore line: [	compiled by GNU C version 9.2.0, GMP version 6.1.2, MPFR version 4.0.2, MPC version 1.1.0, isl version isl-0.21-GMP]
  ignore line: []
  ignore line: [GGC heuristics: --param ggc-min-expand=100 --param ggc-min-heapsize=131072]
  ignore line: [ignoring nonexistent directory "/usr/lib/gcc/x86_64-pc-linux-gnu/9.2.0/../../../../x86_64-pc-linux-gnu/include"]
  ignore line: [#include "..." search starts here:]
  ignore line: [#include <...> search starts here:]
  ignore line: [ /usr/lib/gcc/x86_64-pc-linux-gnu/9.2.0/include]
  ignore line: [ /usr/local/include]
  ignore line: [ /usr/lib/gcc/x86_64-pc-linux-gnu/9.2.0/include-fixed]
  ignore line: [ /usr/include]
  ignore line: [End of search list.]
  ignore line: [GNU C17 (GCC) version 9.2.0 (x86_64-pc-linux-gnu)]
  ignore line: [	compiled by GNU C version 9.2.0, GMP version 6.1.2, MPFR version 4.0.2, MPC version 1.1.0, isl version isl-0.21-GMP]
  ignore line: []
  ignore line: [GGC heuristics: --param ggc-min-expand=100 --param ggc-min-heapsize=131072]
  ignore line: [Compiler executable checksum: 084559c67b5620be476de387987f6c74]
  ignore line: [COLLECT_GCC_OPTIONS='-v' '-o' 'CMakeFiles/cmTC_4bd97.dir/CMakeCCompilerABI.c.o' '-c' '-mtune=generic' '-march=x86-64']
  ignore line: [ as -v --64 -o CMakeFiles/cmTC_4bd97.dir/CMakeCCompilerABI.c.o /tmp/ccbqrBst.s]
  ignore line: [GNU assembler version 2.33.1 (x86_64-pc-linux-gnu) using BFD version (GNU Binutils) 2.33.1]
  ignore line: [COMPILER_PATH=/usr/lib/gcc/x86_64-pc-linux-gnu/9.2.0/:/usr/lib/gcc/x86_64-pc-linux-gnu/9.2.0/:/usr/lib/gcc/x86_64-pc-linux-gnu/:/usr/lib/gcc/x86_64-pc-linux-gnu/9.2.0/:/usr/lib/gcc/x86_64-pc-linux-gnu/]
  ignore line: [LIBRARY_PATH=/usr/lib/gcc/x86_64-pc-linux-gnu/9.2.0/:/usr/lib/gcc/x86_64-pc-linux-gnu/9.2.0/../../../../lib/:/lib/../lib/:/usr/lib/../lib/:/usr/lib/gcc/x86_64-pc-linux-gnu/9.2.0/../../../:/lib/:/usr/lib/]
  ignore line: [COLLECT_GCC_OPTIONS='-v' '-o' 'CMakeFiles/cmTC_4bd97.dir/CMakeCCompilerABI.c.o' '-c' '-mtune=generic' '-march=x86-64']
  ignore line: [Linking C executable cmTC_4bd97]
  ignore line: [/home/water/.local/share/JetBrains/Toolbox/apps/CLion/ch-0/193.6015.37/bin/cmake/linux/bin/cmake -E cmake_link_script CMakeFiles/cmTC_4bd97.dir/link.txt --verbose=1]
  ignore line: [/usr/bin/cc     -v CMakeFiles/cmTC_4bd97.dir/CMakeCCompilerABI.c.o  -o cmTC_4bd97 ]
  ignore line: [Using built-in specs.]
  ignore line: [COLLECT_GCC=/usr/bin/cc]
  ignore line: [COLLECT_LTO_WRAPPER=/usr/lib/gcc/x86_64-pc-linux-gnu/9.2.0/lto-wrapper]
  ignore line: [Target: x86_64-pc-linux-gnu]
  ignore line: [Configured with: /build/gcc/src/gcc/configure --prefix=/usr --libdir=/usr/lib --libexecdir=/usr/lib --mandir=/usr/share/man --infodir=/usr/share/info --with-bugurl=https://bugs.archlinux.org/ --enable-languages=c,c++,ada,fortran,go,lto,objc,obj-c++,d --enable-shared --enable-threads=posix --with-system-zlib --with-isl --enable-__cxa_atexit --disable-libunwind-exceptions --enable-clocale=gnu --disable-libstdcxx-pch --disable-libssp --enable-gnu-unique-object --enable-linker-build-id --enable-lto --enable-plugin --enable-install-libiberty --with-linker-hash-style=gnu --enable-gnu-indirect-function --enable-multilib --disable-werror --enable-checking=release --enable-default-pie --enable-default-ssp --enable-cet=auto gdc_include_dir=/usr/include/dlang/gdc]
  ignore line: [Thread model: posix]
  ignore line: [gcc version 9.2.0 (GCC) ]
  ignore line: [COMPILER_PATH=/usr/lib/gcc/x86_64-pc-linux-gnu/9.2.0/:/usr/lib/gcc/x86_64-pc-linux-gnu/9.2.0/:/usr/lib/gcc/x86_64-pc-linux-gnu/:/usr/lib/gcc/x86_64-pc-linux-gnu/9.2.0/:/usr/lib/gcc/x86_64-pc-linux-gnu/]
  ignore line: [LIBRARY_PATH=/usr/lib/gcc/x86_64-pc-linux-gnu/9.2.0/:/usr/lib/gcc/x86_64-pc-linux-gnu/9.2.0/../../../../lib/:/lib/../lib/:/usr/lib/../lib/:/usr/lib/gcc/x86_64-pc-linux-gnu/9.2.0/../../../:/lib/:/usr/lib/]
  ignore line: [COLLECT_GCC_OPTIONS='-v' '-o' 'cmTC_4bd97' '-mtune=generic' '-march=x86-64']
  link line: [ /usr/lib/gcc/x86_64-pc-linux-gnu/9.2.0/collect2 -plugin /usr/lib/gcc/x86_64-pc-linux-gnu/9.2.0/liblto_plugin.so -plugin-opt=/usr/lib/gcc/x86_64-pc-linux-gnu/9.2.0/lto-wrapper -plugin-opt=-fresolution=/tmp/ccWQpDSR.res -plugin-opt=-pass-through=-lgcc -plugin-opt=-pass-through=-lgcc_s -plugin-opt=-pass-through=-lc -plugin-opt=-pass-through=-lgcc -plugin-opt=-pass-through=-lgcc_s --build-id --eh-frame-hdr --hash-style=gnu -m elf_x86_64 -dynamic-linker /lib64/ld-linux-x86-64.so.2 -pie -o cmTC_4bd97 /usr/lib/gcc/x86_64-pc-linux-gnu/9.2.0/../../../../lib/Scrt1.o /usr/lib/gcc/x86_64-pc-linux-gnu/9.2.0/../../../../lib/crti.o /usr/lib/gcc/x86_64-pc-linux-gnu/9.2.0/crtbeginS.o -L/usr/lib/gcc/x86_64-pc-linux-gnu/9.2.0 -L/usr/lib/gcc/x86_64-pc-linux-gnu/9.2.0/../../../../lib -L/lib/../lib -L/usr/lib/../lib -L/usr/lib/gcc/x86_64-pc-linux-gnu/9.2.0/../../.. CMakeFiles/cmTC_4bd97.dir/CMakeCCompilerABI.c.o -lgcc --push-state --as-needed -lgcc_s --pop-state -lc -lgcc --push-state --as-needed -lgcc_s --pop-state /usr/lib/gcc/x86_64-pc-linux-gnu/9.2.0/crtendS.o /usr/lib/gcc/x86_64-pc-linux-gnu/9.2.0/../../../../lib/crtn.o]
    arg [/usr/lib/gcc/x86_64-pc-linux-gnu/9.2.0/collect2] ==> ignore
    arg [-plugin] ==> ignore
    arg [/usr/lib/gcc/x86_64-pc-linux-gnu/9.2.0/liblto_plugin.so] ==> ignore
    arg [-plugin-opt=/usr/lib/gcc/x86_64-pc-linux-gnu/9.2.0/lto-wrapper] ==> ignore
    arg [-plugin-opt=-fresolution=/tmp/ccWQpDSR.res] ==> ignore
    arg [-plugin-opt=-pass-through=-lgcc] ==> ignore
    arg [-plugin-opt=-pass-through=-lgcc_s] ==> ignore
    arg [-plugin-opt=-pass-through=-lc] ==> ignore
    arg [-plugin-opt=-pass-through=-lgcc] ==> ignore
    arg [-plugin-opt=-pass-through=-lgcc_s] ==> ignore
    arg [--build-id] ==> ignore
    arg [--eh-frame-hdr] ==> ignore
    arg [--hash-style=gnu] ==> ignore
    arg [-m] ==> ignore
    arg [elf_x86_64] ==> ignore
    arg [-dynamic-linker] ==> ignore
    arg [/lib64/ld-linux-x86-64.so.2] ==> ignore
    arg [-pie] ==> ignore
    arg [-o] ==> ignore
    arg [cmTC_4bd97] ==> ignore
    arg [/usr/lib/gcc/x86_64-pc-linux-gnu/9.2.0/../../../../lib/Scrt1.o] ==> ignore
    arg [/usr/lib/gcc/x86_64-pc-linux-gnu/9.2.0/../../../../lib/crti.o] ==> ignore
    arg [/usr/lib/gcc/x86_64-pc-linux-gnu/9.2.0/crtbeginS.o] ==> ignore
    arg [-L/usr/lib/gcc/x86_64-pc-linux-gnu/9.2.0] ==> dir [/usr/lib/gcc/x86_64-pc-linux-gnu/9.2.0]
    arg [-L/usr/lib/gcc/x86_64-pc-linux-gnu/9.2.0/../../../../lib] ==> dir [/usr/lib/gcc/x86_64-pc-linux-gnu/9.2.0/../../../../lib]
    arg [-L/lib/../lib] ==> dir [/lib/../lib]
    arg [-L/usr/lib/../lib] ==> dir [/usr/lib/../lib]
    arg [-L/usr/lib/gcc/x86_64-pc-linux-gnu/9.2.0/../../..] ==> dir [/usr/lib/gcc/x86_64-pc-linux-gnu/9.2.0/../../..]
    arg [CMakeFiles/cmTC_4bd97.dir/CMakeCCompilerABI.c.o] ==> ignore
    arg [-lgcc] ==> lib [gcc]
    arg [--push-state] ==> ignore
    arg [--as-needed] ==> ignore
    arg [-lgcc_s] ==> lib [gcc_s]
    arg [--pop-state] ==> ignore
    arg [-lc] ==> lib [c]
    arg [-lgcc] ==> lib [gcc]
    arg [--push-state] ==> ignore
    arg [--as-needed] ==> ignore
    arg [-lgcc_s] ==> lib [gcc_s]
    arg [--pop-state] ==> ignore
    arg [/usr/lib/gcc/x86_64-pc-linux-gnu/9.2.0/crtendS.o] ==> ignore
    arg [/usr/lib/gcc/x86_64-pc-linux-gnu/9.2.0/../../../../lib/crtn.o] ==> ignore
  collapse library dir [/usr/lib/gcc/x86_64-pc-linux-gnu/9.2.0] ==> [/usr/lib/gcc/x86_64-pc-linux-gnu/9.2.0]
  collapse library dir [/usr/lib/gcc/x86_64-pc-linux-gnu/9.2.0/../../../../lib] ==> [/usr/lib]
  collapse library dir [/lib/../lib] ==> [/lib]
  collapse library dir [/usr/lib/../lib] ==> [/usr/lib]
  collapse library dir [/usr/lib/gcc/x86_64-pc-linux-gnu/9.2.0/../../..] ==> [/usr/lib]
  implicit libs: [gcc;gcc_s;c;gcc;gcc_s]
  implicit dirs: [/usr/lib/gcc/x86_64-pc-linux-gnu/9.2.0;/usr/lib;/lib]
  implicit fwks: []


Determining if the CXX compiler works passed with the following output:
Change Dir: /home/water/blockchains/catalyst-cli/cmake-build-debug/CMakeFiles/CMakeTmp

Run Build Command(s):/usr/bin/make cmTC_0d38c/fast && /usr/bin/make -f CMakeFiles/cmTC_0d38c.dir/build.make CMakeFiles/cmTC_0d38c.dir/build
make[1]: Entering directory '/home/water/blockchains/catalyst-cli/cmake-build-debug/CMakeFiles/CMakeTmp'
Building CXX object CMakeFiles/cmTC_0d38c.dir/testCXXCompiler.cxx.o
/usr/bin/c++     -o CMakeFiles/cmTC_0d38c.dir/testCXXCompiler.cxx.o -c /home/water/blockchains/catalyst-cli/cmake-build-debug/CMakeFiles/CMakeTmp/testCXXCompiler.cxx
Linking CXX executable cmTC_0d38c
/home/water/.local/share/JetBrains/Toolbox/apps/CLion/ch-0/193.6015.37/bin/cmake/linux/bin/cmake -E cmake_link_script CMakeFiles/cmTC_0d38c.dir/link.txt --verbose=1
/usr/bin/c++       CMakeFiles/cmTC_0d38c.dir/testCXXCompiler.cxx.o  -o cmTC_0d38c 
make[1]: Leaving directory '/home/water/blockchains/catalyst-cli/cmake-build-debug/CMakeFiles/CMakeTmp'



Detecting CXX compiler ABI info compiled with the following output:
Change Dir: /home/water/blockchains/catalyst-cli/cmake-build-debug/CMakeFiles/CMakeTmp

Run Build Command(s):/usr/bin/make cmTC_26fa2/fast && /usr/bin/make -f CMakeFiles/cmTC_26fa2.dir/build.make CMakeFiles/cmTC_26fa2.dir/build
make[1]: Entering directory '/home/water/blockchains/catalyst-cli/cmake-build-debug/CMakeFiles/CMakeTmp'
Building CXX object CMakeFiles/cmTC_26fa2.dir/CMakeCXXCompilerABI.cpp.o
/usr/bin/c++    -v -o CMakeFiles/cmTC_26fa2.dir/CMakeCXXCompilerABI.cpp.o -c /home/water/.local/share/JetBrains/Toolbox/apps/CLion/ch-0/193.6015.37/bin/cmake/linux/share/cmake-3.15/Modules/CMakeCXXCompilerABI.cpp
Using built-in specs.
COLLECT_GCC=/usr/bin/c++
Target: x86_64-pc-linux-gnu
Configured with: /build/gcc/src/gcc/configure --prefix=/usr --libdir=/usr/lib --libexecdir=/usr/lib --mandir=/usr/share/man --infodir=/usr/share/info --with-bugurl=https://bugs.archlinux.org/ --enable-languages=c,c++,ada,fortran,go,lto,objc,obj-c++,d --enable-shared --enable-threads=posix --with-system-zlib --with-isl --enable-__cxa_atexit --disable-libunwind-exceptions --enable-clocale=gnu --disable-libstdcxx-pch --disable-libssp --enable-gnu-unique-object --enable-linker-build-id --enable-lto --enable-plugin --enable-install-libiberty --with-linker-hash-style=gnu --enable-gnu-indirect-function --enable-multilib --disable-werror --enable-checking=release --enable-default-pie --enable-default-ssp --enable-cet=auto gdc_include_dir=/usr/include/dlang/gdc
Thread model: posix
gcc version 9.2.0 (GCC) 
COLLECT_GCC_OPTIONS='-v' '-o' 'CMakeFiles/cmTC_26fa2.dir/CMakeCXXCompilerABI.cpp.o' '-c' '-shared-libgcc' '-mtune=generic' '-march=x86-64'
 /usr/lib/gcc/x86_64-pc-linux-gnu/9.2.0/cc1plus -quiet -v -D_GNU_SOURCE /home/water/.local/share/JetBrains/Toolbox/apps/CLion/ch-0/193.6015.37/bin/cmake/linux/share/cmake-3.15/Modules/CMakeCXXCompilerABI.cpp -quiet -dumpbase CMakeCXXCompilerABI.cpp -mtune=generic -march=x86-64 -auxbase-strip CMakeFiles/cmTC_26fa2.dir/CMakeCXXCompilerABI.cpp.o -version -o /tmp/ccDcuk8s.s
GNU C++14 (GCC) version 9.2.0 (x86_64-pc-linux-gnu)
	compiled by GNU C version 9.2.0, GMP version 6.1.2, MPFR version 4.0.2, MPC version 1.1.0, isl version isl-0.21-GMP

GGC heuristics: --param ggc-min-expand=100 --param ggc-min-heapsize=131072
ignoring nonexistent directory "/usr/lib/gcc/x86_64-pc-linux-gnu/9.2.0/../../../../x86_64-pc-linux-gnu/include"
#include "..." search starts here:
#include <...> search starts here:
 /usr/lib/gcc/x86_64-pc-linux-gnu/9.2.0/../../../../include/c++/9.2.0
 /usr/lib/gcc/x86_64-pc-linux-gnu/9.2.0/../../../../include/c++/9.2.0/x86_64-pc-linux-gnu
 /usr/lib/gcc/x86_64-pc-linux-gnu/9.2.0/../../../../include/c++/9.2.0/backward
 /usr/lib/gcc/x86_64-pc-linux-gnu/9.2.0/include
 /usr/local/include
 /usr/lib/gcc/x86_64-pc-linux-gnu/9.2.0/include-fixed
 /usr/include
End of search list.
GNU C++14 (GCC) version 9.2.0 (x86_64-pc-linux-gnu)
	compiled by GNU C version 9.2.0, GMP version 6.1.2, MPFR version 4.0.2, MPC version 1.1.0, isl version isl-0.21-GMP

GGC heuristics: --param ggc-min-expand=100 --param ggc-min-heapsize=131072
Compiler executable checksum: e70628160ff7c7e477f7d9570e6637cb
COLLECT_GCC_OPTIONS='-v' '-o' 'CMakeFiles/cmTC_26fa2.dir/CMakeCXXCompilerABI.cpp.o' '-c' '-shared-libgcc' '-mtune=generic' '-march=x86-64'
 as -v --64 -o CMakeFiles/cmTC_26fa2.dir/CMakeCXXCompilerABI.cpp.o /tmp/ccDcuk8s.s
GNU assembler version 2.33.1 (x86_64-pc-linux-gnu) using BFD version (GNU Binutils) 2.33.1
COMPILER_PATH=/usr/lib/gcc/x86_64-pc-linux-gnu/9.2.0/:/usr/lib/gcc/x86_64-pc-linux-gnu/9.2.0/:/usr/lib/gcc/x86_64-pc-linux-gnu/:/usr/lib/gcc/x86_64-pc-linux-gnu/9.2.0/:/usr/lib/gcc/x86_64-pc-linux-gnu/
LIBRARY_PATH=/usr/lib/gcc/x86_64-pc-linux-gnu/9.2.0/:/usr/lib/gcc/x86_64-pc-linux-gnu/9.2.0/../../../../lib/:/lib/../lib/:/usr/lib/../lib/:/usr/lib/gcc/x86_64-pc-linux-gnu/9.2.0/../../../:/lib/:/usr/lib/
COLLECT_GCC_OPTIONS='-v' '-o' 'CMakeFiles/cmTC_26fa2.dir/CMakeCXXCompilerABI.cpp.o' '-c' '-shared-libgcc' '-mtune=generic' '-march=x86-64'
Linking CXX executable cmTC_26fa2
/home/water/.local/share/JetBrains/Toolbox/apps/CLion/ch-0/193.6015.37/bin/cmake/linux/bin/cmake -E cmake_link_script CMakeFiles/cmTC_26fa2.dir/link.txt --verbose=1
/usr/bin/c++      -v CMakeFiles/cmTC_26fa2.dir/CMakeCXXCompilerABI.cpp.o  -o cmTC_26fa2 
Using built-in specs.
COLLECT_GCC=/usr/bin/c++
COLLECT_LTO_WRAPPER=/usr/lib/gcc/x86_64-pc-linux-gnu/9.2.0/lto-wrapper
Target: x86_64-pc-linux-gnu
Configured with: /build/gcc/src/gcc/configure --prefix=/usr --libdir=/usr/lib --libexecdir=/usr/lib --mandir=/usr/share/man --infodir=/usr/share/info --with-bugurl=https://bugs.archlinux.org/ --enable-languages=c,c++,ada,fortran,go,lto,objc,obj-c++,d --enable-shared --enable-threads=posix --with-system-zlib --with-isl --enable-__cxa_atexit --disable-libunwind-exceptions --enable-clocale=gnu --disable-libstdcxx-pch --disable-libssp --enable-gnu-unique-object --enable-linker-build-id --enable-lto --enable-plugin --enable-install-libiberty --with-linker-hash-style=gnu --enable-gnu-indirect-function --enable-multilib --disable-werror --enable-checking=release --enable-default-pie --enable-default-ssp --enable-cet=auto gdc_include_dir=/usr/include/dlang/gdc
Thread model: posix
gcc version 9.2.0 (GCC) 
COMPILER_PATH=/usr/lib/gcc/x86_64-pc-linux-gnu/9.2.0/:/usr/lib/gcc/x86_64-pc-linux-gnu/9.2.0/:/usr/lib/gcc/x86_64-pc-linux-gnu/:/usr/lib/gcc/x86_64-pc-linux-gnu/9.2.0/:/usr/lib/gcc/x86_64-pc-linux-gnu/
LIBRARY_PATH=/usr/lib/gcc/x86_64-pc-linux-gnu/9.2.0/:/usr/lib/gcc/x86_64-pc-linux-gnu/9.2.0/../../../../lib/:/lib/../lib/:/usr/lib/../lib/:/usr/lib/gcc/x86_64-pc-linux-gnu/9.2.0/../../../:/lib/:/usr/lib/
COLLECT_GCC_OPTIONS='-v' '-o' 'cmTC_26fa2' '-shared-libgcc' '-mtune=generic' '-march=x86-64'
 /usr/lib/gcc/x86_64-pc-linux-gnu/9.2.0/collect2 -plugin /usr/lib/gcc/x86_64-pc-linux-gnu/9.2.0/liblto_plugin.so -plugin-opt=/usr/lib/gcc/x86_64-pc-linux-gnu/9.2.0/lto-wrapper -plugin-opt=-fresolution=/tmp/ccheA5OP.res -plugin-opt=-pass-through=-lgcc_s -plugin-opt=-pass-through=-lgcc -plugin-opt=-pass-through=-lc -plugin-opt=-pass-through=-lgcc_s -plugin-opt=-pass-through=-lgcc --build-id --eh-frame-hdr --hash-style=gnu -m elf_x86_64 -dynamic-linker /lib64/ld-linux-x86-64.so.2 -pie -o cmTC_26fa2 /usr/lib/gcc/x86_64-pc-linux-gnu/9.2.0/../../../../lib/Scrt1.o /usr/lib/gcc/x86_64-pc-linux-gnu/9.2.0/../../../../lib/crti.o /usr/lib/gcc/x86_64-pc-linux-gnu/9.2.0/crtbeginS.o -L/usr/lib/gcc/x86_64-pc-linux-gnu/9.2.0 -L/usr/lib/gcc/x86_64-pc-linux-gnu/9.2.0/../../../../lib -L/lib/../lib -L/usr/lib/../lib -L/usr/lib/gcc/x86_64-pc-linux-gnu/9.2.0/../../.. CMakeFiles/cmTC_26fa2.dir/CMakeCXXCompilerABI.cpp.o -lstdc++ -lm -lgcc_s -lgcc -lc -lgcc_s -lgcc /usr/lib/gcc/x86_64-pc-linux-gnu/9.2.0/crtendS.o /usr/lib/gcc/x86_64-pc-linux-gnu/9.2.0/../../../../lib/crtn.o
COLLECT_GCC_OPTIONS='-v' '-o' 'cmTC_26fa2' '-shared-libgcc' '-mtune=generic' '-march=x86-64'
make[1]: Leaving directory '/home/water/blockchains/catalyst-cli/cmake-build-debug/CMakeFiles/CMakeTmp'



Parsed CXX implicit include dir info from above output: rv=done
  found start of include info
  found start of implicit include info
    add: [/usr/lib/gcc/x86_64-pc-linux-gnu/9.2.0/../../../../include/c++/9.2.0]
    add: [/usr/lib/gcc/x86_64-pc-linux-gnu/9.2.0/../../../../include/c++/9.2.0/x86_64-pc-linux-gnu]
    add: [/usr/lib/gcc/x86_64-pc-linux-gnu/9.2.0/../../../../include/c++/9.2.0/backward]
    add: [/usr/lib/gcc/x86_64-pc-linux-gnu/9.2.0/include]
    add: [/usr/local/include]
    add: [/usr/lib/gcc/x86_64-pc-linux-gnu/9.2.0/include-fixed]
    add: [/usr/include]
  end of search list found
  collapse include dir [/usr/lib/gcc/x86_64-pc-linux-gnu/9.2.0/../../../../include/c++/9.2.0] ==> [/usr/include/c++/9.2.0]
  collapse include dir [/usr/lib/gcc/x86_64-pc-linux-gnu/9.2.0/../../../../include/c++/9.2.0/x86_64-pc-linux-gnu] ==> [/usr/include/c++/9.2.0/x86_64-pc-linux-gnu]
  collapse include dir [/usr/lib/gcc/x86_64-pc-linux-gnu/9.2.0/../../../../include/c++/9.2.0/backward] ==> [/usr/include/c++/9.2.0/backward]
  collapse include dir [/usr/lib/gcc/x86_64-pc-linux-gnu/9.2.0/include] ==> [/usr/lib/gcc/x86_64-pc-linux-gnu/9.2.0/include]
  collapse include dir [/usr/local/include] ==> [/usr/local/include]
  collapse include dir [/usr/lib/gcc/x86_64-pc-linux-gnu/9.2.0/include-fixed] ==> [/usr/lib/gcc/x86_64-pc-linux-gnu/9.2.0/include-fixed]
  collapse include dir [/usr/include] ==> [/usr/include]
  implicit include dirs: [/usr/include/c++/9.2.0;/usr/include/c++/9.2.0/x86_64-pc-linux-gnu;/usr/include/c++/9.2.0/backward;/usr/lib/gcc/x86_64-pc-linux-gnu/9.2.0/include;/usr/local/include;/usr/lib/gcc/x86_64-pc-linux-gnu/9.2.0/include-fixed;/usr/include]


Parsed CXX implicit link information from above output:
  link line regex: [^( *|.*[/\])(ld|CMAKE_LINK_STARTFILE-NOTFOUND|([^/\]+-)?ld|collect2)[^/\]*( |$)]
  ignore line: [Change Dir: /home/water/blockchains/catalyst-cli/cmake-build-debug/CMakeFiles/CMakeTmp]
  ignore line: []
  ignore line: [Run Build Command(s):/usr/bin/make cmTC_26fa2/fast && /usr/bin/make -f CMakeFiles/cmTC_26fa2.dir/build.make CMakeFiles/cmTC_26fa2.dir/build]
  ignore line: [make[1]: Entering directory '/home/water/blockchains/catalyst-cli/cmake-build-debug/CMakeFiles/CMakeTmp']
  ignore line: [Building CXX object CMakeFiles/cmTC_26fa2.dir/CMakeCXXCompilerABI.cpp.o]
  ignore line: [/usr/bin/c++    -v -o CMakeFiles/cmTC_26fa2.dir/CMakeCXXCompilerABI.cpp.o -c /home/water/.local/share/JetBrains/Toolbox/apps/CLion/ch-0/193.6015.37/bin/cmake/linux/share/cmake-3.15/Modules/CMakeCXXCompilerABI.cpp]
  ignore line: [Using built-in specs.]
  ignore line: [COLLECT_GCC=/usr/bin/c++]
  ignore line: [Target: x86_64-pc-linux-gnu]
  ignore line: [Configured with: /build/gcc/src/gcc/configure --prefix=/usr --libdir=/usr/lib --libexecdir=/usr/lib --mandir=/usr/share/man --infodir=/usr/share/info --with-bugurl=https://bugs.archlinux.org/ --enable-languages=c,c++,ada,fortran,go,lto,objc,obj-c++,d --enable-shared --enable-threads=posix --with-system-zlib --with-isl --enable-__cxa_atexit --disable-libunwind-exceptions --enable-clocale=gnu --disable-libstdcxx-pch --disable-libssp --enable-gnu-unique-object --enable-linker-build-id --enable-lto --enable-plugin --enable-install-libiberty --with-linker-hash-style=gnu --enable-gnu-indirect-function --enable-multilib --disable-werror --enable-checking=release --enable-default-pie --enable-default-ssp --enable-cet=auto gdc_include_dir=/usr/include/dlang/gdc]
  ignore line: [Thread model: posix]
  ignore line: [gcc version 9.2.0 (GCC) ]
  ignore line: [COLLECT_GCC_OPTIONS='-v' '-o' 'CMakeFiles/cmTC_26fa2.dir/CMakeCXXCompilerABI.cpp.o' '-c' '-shared-libgcc' '-mtune=generic' '-march=x86-64']
  ignore line: [ /usr/lib/gcc/x86_64-pc-linux-gnu/9.2.0/cc1plus -quiet -v -D_GNU_SOURCE /home/water/.local/share/JetBrains/Toolbox/apps/CLion/ch-0/193.6015.37/bin/cmake/linux/share/cmake-3.15/Modules/CMakeCXXCompilerABI.cpp -quiet -dumpbase CMakeCXXCompilerABI.cpp -mtune=generic -march=x86-64 -auxbase-strip CMakeFiles/cmTC_26fa2.dir/CMakeCXXCompilerABI.cpp.o -version -o /tmp/ccDcuk8s.s]
  ignore line: [GNU C++14 (GCC) version 9.2.0 (x86_64-pc-linux-gnu)]
  ignore line: [	compiled by GNU C version 9.2.0, GMP version 6.1.2, MPFR version 4.0.2, MPC version 1.1.0, isl version isl-0.21-GMP]
  ignore line: []
  ignore line: [GGC heuristics: --param ggc-min-expand=100 --param ggc-min-heapsize=131072]
  ignore line: [ignoring nonexistent directory "/usr/lib/gcc/x86_64-pc-linux-gnu/9.2.0/../../../../x86_64-pc-linux-gnu/include"]
  ignore line: [#include "..." search starts here:]
  ignore line: [#include <...> search starts here:]
  ignore line: [ /usr/lib/gcc/x86_64-pc-linux-gnu/9.2.0/../../../../include/c++/9.2.0]
  ignore line: [ /usr/lib/gcc/x86_64-pc-linux-gnu/9.2.0/../../../../include/c++/9.2.0/x86_64-pc-linux-gnu]
  ignore line: [ /usr/lib/gcc/x86_64-pc-linux-gnu/9.2.0/../../../../include/c++/9.2.0/backward]
  ignore line: [ /usr/lib/gcc/x86_64-pc-linux-gnu/9.2.0/include]
  ignore line: [ /usr/local/include]
  ignore line: [ /usr/lib/gcc/x86_64-pc-linux-gnu/9.2.0/include-fixed]
  ignore line: [ /usr/include]
  ignore line: [End of search list.]
  ignore line: [GNU C++14 (GCC) version 9.2.0 (x86_64-pc-linux-gnu)]
  ignore line: [	compiled by GNU C version 9.2.0, GMP version 6.1.2, MPFR version 4.0.2, MPC version 1.1.0, isl version isl-0.21-GMP]
  ignore line: []
  ignore line: [GGC heuristics: --param ggc-min-expand=100 --param ggc-min-heapsize=131072]
  ignore line: [Compiler executable checksum: e70628160ff7c7e477f7d9570e6637cb]
  ignore line: [COLLECT_GCC_OPTIONS='-v' '-o' 'CMakeFiles/cmTC_26fa2.dir/CMakeCXXCompilerABI.cpp.o' '-c' '-shared-libgcc' '-mtune=generic' '-march=x86-64']
  ignore line: [ as -v --64 -o CMakeFiles/cmTC_26fa2.dir/CMakeCXXCompilerABI.cpp.o /tmp/ccDcuk8s.s]
  ignore line: [GNU assembler version 2.33.1 (x86_64-pc-linux-gnu) using BFD version (GNU Binutils) 2.33.1]
  ignore line: [COMPILER_PATH=/usr/lib/gcc/x86_64-pc-linux-gnu/9.2.0/:/usr/lib/gcc/x86_64-pc-linux-gnu/9.2.0/:/usr/lib/gcc/x86_64-pc-linux-gnu/:/usr/lib/gcc/x86_64-pc-linux-gnu/9.2.0/:/usr/lib/gcc/x86_64-pc-linux-gnu/]
  ignore line: [LIBRARY_PATH=/usr/lib/gcc/x86_64-pc-linux-gnu/9.2.0/:/usr/lib/gcc/x86_64-pc-linux-gnu/9.2.0/../../../../lib/:/lib/../lib/:/usr/lib/../lib/:/usr/lib/gcc/x86_64-pc-linux-gnu/9.2.0/../../../:/lib/:/usr/lib/]
  ignore line: [COLLECT_GCC_OPTIONS='-v' '-o' 'CMakeFiles/cmTC_26fa2.dir/CMakeCXXCompilerABI.cpp.o' '-c' '-shared-libgcc' '-mtune=generic' '-march=x86-64']
  ignore line: [Linking CXX executable cmTC_26fa2]
  ignore line: [/home/water/.local/share/JetBrains/Toolbox/apps/CLion/ch-0/193.6015.37/bin/cmake/linux/bin/cmake -E cmake_link_script CMakeFiles/cmTC_26fa2.dir/link.txt --verbose=1]
  ignore line: [/usr/bin/c++      -v CMakeFiles/cmTC_26fa2.dir/CMakeCXXCompilerABI.cpp.o  -o cmTC_26fa2 ]
  ignore line: [Using built-in specs.]
  ignore line: [COLLECT_GCC=/usr/bin/c++]
  ignore line: [COLLECT_LTO_WRAPPER=/usr/lib/gcc/x86_64-pc-linux-gnu/9.2.0/lto-wrapper]
  ignore line: [Target: x86_64-pc-linux-gnu]
  ignore line: [Configured with: /build/gcc/src/gcc/configure --prefix=/usr --libdir=/usr/lib --libexecdir=/usr/lib --mandir=/usr/share/man --infodir=/usr/share/info --with-bugurl=https://bugs.archlinux.org/ --enable-languages=c,c++,ada,fortran,go,lto,objc,obj-c++,d --enable-shared --enable-threads=posix --with-system-zlib --with-isl --enable-__cxa_atexit --disable-libunwind-exceptions --enable-clocale=gnu --disable-libstdcxx-pch --disable-libssp --enable-gnu-unique-object --enable-linker-build-id --enable-lto --enable-plugin --enable-install-libiberty --with-linker-hash-style=gnu --enable-gnu-indirect-function --enable-multilib --disable-werror --enable-checking=release --enable-default-pie --enable-default-ssp --enable-cet=auto gdc_include_dir=/usr/include/dlang/gdc]
  ignore line: [Thread model: posix]
  ignore line: [gcc version 9.2.0 (GCC) ]
  ignore line: [COMPILER_PATH=/usr/lib/gcc/x86_64-pc-linux-gnu/9.2.0/:/usr/lib/gcc/x86_64-pc-linux-gnu/9.2.0/:/usr/lib/gcc/x86_64-pc-linux-gnu/:/usr/lib/gcc/x86_64-pc-linux-gnu/9.2.0/:/usr/lib/gcc/x86_64-pc-linux-gnu/]
  ignore line: [LIBRARY_PATH=/usr/lib/gcc/x86_64-pc-linux-gnu/9.2.0/:/usr/lib/gcc/x86_64-pc-linux-gnu/9.2.0/../../../../lib/:/lib/../lib/:/usr/lib/../lib/:/usr/lib/gcc/x86_64-pc-linux-gnu/9.2.0/../../../:/lib/:/usr/lib/]
  ignore line: [COLLECT_GCC_OPTIONS='-v' '-o' 'cmTC_26fa2' '-shared-libgcc' '-mtune=generic' '-march=x86-64']
  link line: [ /usr/lib/gcc/x86_64-pc-linux-gnu/9.2.0/collect2 -plugin /usr/lib/gcc/x86_64-pc-linux-gnu/9.2.0/liblto_plugin.so -plugin-opt=/usr/lib/gcc/x86_64-pc-linux-gnu/9.2.0/lto-wrapper -plugin-opt=-fresolution=/tmp/ccheA5OP.res -plugin-opt=-pass-through=-lgcc_s -plugin-opt=-pass-through=-lgcc -plugin-opt=-pass-through=-lc -plugin-opt=-pass-through=-lgcc_s -plugin-opt=-pass-through=-lgcc --build-id --eh-frame-hdr --hash-style=gnu -m elf_x86_64 -dynamic-linker /lib64/ld-linux-x86-64.so.2 -pie -o cmTC_26fa2 /usr/lib/gcc/x86_64-pc-linux-gnu/9.2.0/../../../../lib/Scrt1.o /usr/lib/gcc/x86_64-pc-linux-gnu/9.2.0/../../../../lib/crti.o /usr/lib/gcc/x86_64-pc-linux-gnu/9.2.0/crtbeginS.o -L/usr/lib/gcc/x86_64-pc-linux-gnu/9.2.0 -L/usr/lib/gcc/x86_64-pc-linux-gnu/9.2.0/../../../../lib -L/lib/../lib -L/usr/lib/../lib -L/usr/lib/gcc/x86_64-pc-linux-gnu/9.2.0/../../.. CMakeFiles/cmTC_26fa2.dir/CMakeCXXCompilerABI.cpp.o -lstdc++ -lm -lgcc_s -lgcc -lc -lgcc_s -lgcc /usr/lib/gcc/x86_64-pc-linux-gnu/9.2.0/crtendS.o /usr/lib/gcc/x86_64-pc-linux-gnu/9.2.0/../../../../lib/crtn.o]
    arg [/usr/lib/gcc/x86_64-pc-linux-gnu/9.2.0/collect2] ==> ignore
    arg [-plugin] ==> ignore
    arg [/usr/lib/gcc/x86_64-pc-linux-gnu/9.2.0/liblto_plugin.so] ==> ignore
    arg [-plugin-opt=/usr/lib/gcc/x86_64-pc-linux-gnu/9.2.0/lto-wrapper] ==> ignore
    arg [-plugin-opt=-fresolution=/tmp/ccheA5OP.res] ==> ignore
    arg [-plugin-opt=-pass-through=-lgcc_s] ==> ignore
    arg [-plugin-opt=-pass-through=-lgcc] ==> ignore
    arg [-plugin-opt=-pass-through=-lc] ==> ignore
    arg [-plugin-opt=-pass-through=-lgcc_s] ==> ignore
    arg [-plugin-opt=-pass-through=-lgcc] ==> ignore
    arg [--build-id] ==> ignore
    arg [--eh-frame-hdr] ==> ignore
    arg [--hash-style=gnu] ==> ignore
    arg [-m] ==> ignore
    arg [elf_x86_64] ==> ignore
    arg [-dynamic-linker] ==> ignore
    arg [/lib64/ld-linux-x86-64.so.2] ==> ignore
    arg [-pie] ==> ignore
    arg [-o] ==> ignore
    arg [cmTC_26fa2] ==> ignore
    arg [/usr/lib/gcc/x86_64-pc-linux-gnu/9.2.0/../../../../lib/Scrt1.o] ==> ignore
    arg [/usr/lib/gcc/x86_64-pc-linux-gnu/9.2.0/../../../../lib/crti.o] ==> ignore
    arg [/usr/lib/gcc/x86_64-pc-linux-gnu/9.2.0/crtbeginS.o] ==> ignore
    arg [-L/usr/lib/gcc/x86_64-pc-linux-gnu/9.2.0] ==> dir [/usr/lib/gcc/x86_64-pc-linux-gnu/9.2.0]
    arg [-L/usr/lib/gcc/x86_64-pc-linux-gnu/9.2.0/../../../../lib] ==> dir [/usr/lib/gcc/x86_64-pc-linux-gnu/9.2.0/../../../../lib]
    arg [-L/lib/../lib] ==> dir [/lib/../lib]
    arg [-L/usr/lib/../lib] ==> dir [/usr/lib/../lib]
    arg [-L/usr/lib/gcc/x86_64-pc-linux-gnu/9.2.0/../../..] ==> dir [/usr/lib/gcc/x86_64-pc-linux-gnu/9.2.0/../../..]
    arg [CMakeFiles/cmTC_26fa2.dir/CMakeCXXCompilerABI.cpp.o] ==> ignore
    arg [-lstdc++] ==> lib [stdc++]
    arg [-lm] ==> lib [m]
    arg [-lgcc_s] ==> lib [gcc_s]
    arg [-lgcc] ==> lib [gcc]
    arg [-lc] ==> lib [c]
    arg [-lgcc_s] ==> lib [gcc_s]
    arg [-lgcc] ==> lib [gcc]
    arg [/usr/lib/gcc/x86_64-pc-linux-gnu/9.2.0/crtendS.o] ==> ignore
    arg [/usr/lib/gcc/x86_64-pc-linux-gnu/9.2.0/../../../../lib/crtn.o] ==> ignore
  collapse library dir [/usr/lib/gcc/x86_64-pc-linux-gnu/9.2.0] ==> [/usr/lib/gcc/x86_64-pc-linux-gnu/9.2.0]
  collapse library dir [/usr/lib/gcc/x86_64-pc-linux-gnu/9.2.0/../../../../lib] ==> [/usr/lib]
  collapse library dir [/lib/../lib] ==> [/lib]
  collapse library dir [/usr/lib/../lib] ==> [/usr/lib]
  collapse library dir [/usr/lib/gcc/x86_64-pc-linux-gnu/9.2.0/../../..] ==> [/usr/lib]
  implicit libs: [stdc++;m;gcc_s;gcc;c;gcc_s;gcc]
  implicit dirs: [/usr/lib/gcc/x86_64-pc-linux-gnu/9.2.0;/usr/lib;/lib]
  implicit fwks: []


Determining if the include file pthread.h exists passed with the following output:
Change Dir: /home/water/blockchains/catalyst-cli/cmake-build-debug/CMakeFiles/CMakeTmp

Run Build Command(s):/usr/bin/make cmTC_4a862/fast && /usr/bin/make -f CMakeFiles/cmTC_4a862.dir/build.make CMakeFiles/cmTC_4a862.dir/build
make[1]: Entering directory '/home/water/blockchains/catalyst-cli/cmake-build-debug/CMakeFiles/CMakeTmp'
Building C object CMakeFiles/cmTC_4a862.dir/CheckIncludeFile.c.o
/usr/bin/cc    -o CMakeFiles/cmTC_4a862.dir/CheckIncludeFile.c.o   -c /home/water/blockchains/catalyst-cli/cmake-build-debug/CMakeFiles/CMakeTmp/CheckIncludeFile.c
Linking C executable cmTC_4a862
/home/water/.local/share/JetBrains/Toolbox/apps/CLion/ch-0/193.6015.37/bin/cmake/linux/bin/cmake -E cmake_link_script CMakeFiles/cmTC_4a862.dir/link.txt --verbose=1
/usr/bin/cc      CMakeFiles/cmTC_4a862.dir/CheckIncludeFile.c.o  -o cmTC_4a862 
make[1]: Leaving directory '/home/water/blockchains/catalyst-cli/cmake-build-debug/CMakeFiles/CMakeTmp'



Determining if the function pthread_create exists in the pthread passed with the following output:
Change Dir: /home/water/blockchains/catalyst-cli/cmake-build-debug/CMakeFiles/CMakeTmp

Run Build Command(s):/usr/bin/make cmTC_e2385/fast && /usr/bin/make -f CMakeFiles/cmTC_e2385.dir/build.make CMakeFiles/cmTC_e2385.dir/build
make[1]: Entering directory '/home/water/blockchains/catalyst-cli/cmake-build-debug/CMakeFiles/CMakeTmp'
Building C object CMakeFiles/cmTC_e2385.dir/CheckFunctionExists.c.o
/usr/bin/cc   -DCHECK_FUNCTION_EXISTS=pthread_create   -o CMakeFiles/cmTC_e2385.dir/CheckFunctionExists.c.o   -c /home/water/.local/share/JetBrains/Toolbox/apps/CLion/ch-0/193.6015.37/bin/cmake/linux/share/cmake-3.15/Modules/CheckFunctionExists.c
Linking C executable cmTC_e2385
/home/water/.local/share/JetBrains/Toolbox/apps/CLion/ch-0/193.6015.37/bin/cmake/linux/bin/cmake -E cmake_link_script CMakeFiles/cmTC_e2385.dir/link.txt --verbose=1
/usr/bin/cc  -DCHECK_FUNCTION_EXISTS=pthread_create    CMakeFiles/cmTC_e2385.dir/CheckFunctionExists.c.o  -o cmTC_e2385 -lpthread 
make[1]: Leaving directory '/home/water/blockchains/catalyst-cli/cmake-build-debug/CMakeFiles/CMakeTmp'



Performing C++ SOURCE FILE Test check_cxx_compiler_flag__march_skylake succeeded with the following output:
Change Dir: /home/water/blockchains/catalyst-cli/cmake-build-debug/CMakeFiles/CMakeTmp

Run Build Command(s):/usr/bin/make cmTC_079a8/fast && /usr/bin/make -f CMakeFiles/cmTC_079a8.dir/build.make CMakeFiles/cmTC_079a8.dir/build
make[1]: Entering directory '/home/water/blockchains/catalyst-cli/cmake-build-debug/CMakeFiles/CMakeTmp'
Building CXX object CMakeFiles/cmTC_079a8.dir/src.cxx.o
/usr/bin/c++    -std=c++17  -Wall -Wextra -Wpointer-arith -Wvla -Wwrite-strings  -Wno-error=extra -Wno-error=unused-function -Wno-error=sign-compare -Wno-error=strict-aliasing -Wno-error=type-limits -Wno-unused-parameter -Wno-error=unused-variable -Wno-error=undef -Wno-error=uninitialized -Wno-error=unused-result -Wlogical-op -Wno-error=maybe-uninitialized -Wno-error=clobbered -Wno-error=unused-but-set-variable -Wno-error=odr -Wno-reorder -Wno-missing-field-initializers -march=native -maes -pthread -w -Wno-everything -Dcheck_cxx_compiler_flag__march_skylake   -march=skylake -o CMakeFiles/cmTC_079a8.dir/src.cxx.o -c /home/water/blockchains/catalyst-cli/cmake-build-debug/CMakeFiles/CMakeTmp/src.cxx
Linking CXX executable cmTC_079a8
/home/water/.local/share/JetBrains/Toolbox/apps/CLion/ch-0/193.6015.37/bin/cmake/linux/bin/cmake -E cmake_link_script CMakeFiles/cmTC_079a8.dir/link.txt --verbose=1
/usr/bin/c++   -std=c++17  -Wall -Wextra -Wpointer-arith -Wvla -Wwrite-strings  -Wno-error=extra -Wno-error=unused-function -Wno-error=sign-compare -Wno-error=strict-aliasing -Wno-error=type-limits -Wno-unused-parameter -Wno-error=unused-variable -Wno-error=undef -Wno-error=uninitialized -Wno-error=unused-result -Wlogical-op -Wno-error=maybe-uninitialized -Wno-error=clobbered -Wno-error=unused-but-set-variable -Wno-error=odr -Wno-reorder -Wno-missing-field-initializers -march=native -maes -pthread -w -Wno-everything -Dcheck_cxx_compiler_flag__march_skylake    -rdynamic CMakeFiles/cmTC_079a8.dir/src.cxx.o  -o cmTC_079a8 
make[1]: Leaving directory '/home/water/blockchains/catalyst-cli/cmake-build-debug/CMakeFiles/CMakeTmp'


Source file was:
#include <cstdio>
      int main() { return 0; }
Performing C++ SOURCE FILE Test check_cxx_compiler_flag__msse2 succeeded with the following output:
Change Dir: /home/water/blockchains/catalyst-cli/cmake-build-debug/CMakeFiles/CMakeTmp

Run Build Command(s):/usr/bin/make cmTC_8fe8e/fast && /usr/bin/make -f CMakeFiles/cmTC_8fe8e.dir/build.make CMakeFiles/cmTC_8fe8e.dir/build
make[1]: Entering directory '/home/water/blockchains/catalyst-cli/cmake-build-debug/CMakeFiles/CMakeTmp'
Building CXX object CMakeFiles/cmTC_8fe8e.dir/src.cxx.o
/usr/bin/c++    -std=c++17  -Wall -Wextra -Wpointer-arith -Wvla -Wwrite-strings  -Wno-error=extra -Wno-error=unused-function -Wno-error=sign-compare -Wno-error=strict-aliasing -Wno-error=type-limits -Wno-unused-parameter -Wno-error=unused-variable -Wno-error=undef -Wno-error=uninitialized -Wno-error=unused-result -Wlogical-op -Wno-error=maybe-uninitialized -Wno-error=clobbered -Wno-error=unused-but-set-variable -Wno-error=odr -Wno-reorder -Wno-missing-field-initializers -march=native -maes -pthread -w -Wno-everything -Dcheck_cxx_compiler_flag__msse2   -msse2 -o CMakeFiles/cmTC_8fe8e.dir/src.cxx.o -c /home/water/blockchains/catalyst-cli/cmake-build-debug/CMakeFiles/CMakeTmp/src.cxx
Linking CXX executable cmTC_8fe8e
/home/water/.local/share/JetBrains/Toolbox/apps/CLion/ch-0/193.6015.37/bin/cmake/linux/bin/cmake -E cmake_link_script CMakeFiles/cmTC_8fe8e.dir/link.txt --verbose=1
/usr/bin/c++   -std=c++17  -Wall -Wextra -Wpointer-arith -Wvla -Wwrite-strings  -Wno-error=extra -Wno-error=unused-function -Wno-error=sign-compare -Wno-error=strict-aliasing -Wno-error=type-limits -Wno-unused-parameter -Wno-error=unused-variable -Wno-error=undef -Wno-error=uninitialized -Wno-error=unused-result -Wlogical-op -Wno-error=maybe-uninitialized -Wno-error=clobbered -Wno-error=unused-but-set-variable -Wno-error=odr -Wno-reorder -Wno-missing-field-initializers -march=native -maes -pthread -w -Wno-everything -Dcheck_cxx_compiler_flag__msse2    -rdynamic CMakeFiles/cmTC_8fe8e.dir/src.cxx.o  -o cmTC_8fe8e 
make[1]: Leaving directory '/home/water/blockchains/catalyst-cli/cmake-build-debug/CMakeFiles/CMakeTmp'


Source file was:
#include <cstdio>
      int main() { return 0; }
Performing C++ SOURCE FILE Test check_cxx_compiler_flag__msse3 succeeded with the following output:
Change Dir: /home/water/blockchains/catalyst-cli/cmake-build-debug/CMakeFiles/CMakeTmp

Run Build Command(s):/usr/bin/make cmTC_c0c27/fast && /usr/bin/make -f CMakeFiles/cmTC_c0c27.dir/build.make CMakeFiles/cmTC_c0c27.dir/build
make[1]: Entering directory '/home/water/blockchains/catalyst-cli/cmake-build-debug/CMakeFiles/CMakeTmp'
Building CXX object CMakeFiles/cmTC_c0c27.dir/src.cxx.o
/usr/bin/c++    -std=c++17  -Wall -Wextra -Wpointer-arith -Wvla -Wwrite-strings  -Wno-error=extra -Wno-error=unused-function -Wno-error=sign-compare -Wno-error=strict-aliasing -Wno-error=type-limits -Wno-unused-parameter -Wno-error=unused-variable -Wno-error=undef -Wno-error=uninitialized -Wno-error=unused-result -Wlogical-op -Wno-error=maybe-uninitialized -Wno-error=clobbered -Wno-error=unused-but-set-variable -Wno-error=odr -Wno-reorder -Wno-missing-field-initializers -march=native -maes -pthread -w -Wno-everything -Dcheck_cxx_compiler_flag__msse3   -msse3 -o CMakeFiles/cmTC_c0c27.dir/src.cxx.o -c /home/water/blockchains/catalyst-cli/cmake-build-debug/CMakeFiles/CMakeTmp/src.cxx
Linking CXX executable cmTC_c0c27
/home/water/.local/share/JetBrains/Toolbox/apps/CLion/ch-0/193.6015.37/bin/cmake/linux/bin/cmake -E cmake_link_script CMakeFiles/cmTC_c0c27.dir/link.txt --verbose=1
/usr/bin/c++   -std=c++17  -Wall -Wextra -Wpointer-arith -Wvla -Wwrite-strings  -Wno-error=extra -Wno-error=unused-function -Wno-error=sign-compare -Wno-error=strict-aliasing -Wno-error=type-limits -Wno-unused-parameter -Wno-error=unused-variable -Wno-error=undef -Wno-error=uninitialized -Wno-error=unused-result -Wlogical-op -Wno-error=maybe-uninitialized -Wno-error=clobbered -Wno-error=unused-but-set-variable -Wno-error=odr -Wno-reorder -Wno-missing-field-initializers -march=native -maes -pthread -w -Wno-everything -Dcheck_cxx_compiler_flag__msse3    -rdynamic CMakeFiles/cmTC_c0c27.dir/src.cxx.o  -o cmTC_c0c27 
make[1]: Leaving directory '/home/water/blockchains/catalyst-cli/cmake-build-debug/CMakeFiles/CMakeTmp'


Source file was:
#include <cstdio>
      int main() { return 0; }
Determining if the include file pmmintrin.h exists passed with the following output:
Change Dir: /home/water/blockchains/catalyst-cli/cmake-build-debug/CMakeFiles/CMakeTmp

Run Build Command(s):/usr/bin/make cmTC_68786/fast && /usr/bin/make -f CMakeFiles/cmTC_68786.dir/build.make CMakeFiles/cmTC_68786.dir/build
make[1]: Entering directory '/home/water/blockchains/catalyst-cli/cmake-build-debug/CMakeFiles/CMakeTmp'
Building CXX object CMakeFiles/cmTC_68786.dir/CheckIncludeFile.cxx.o
/usr/bin/c++    -std=c++17  -Wall -Wextra -Wpointer-arith -Wvla -Wwrite-strings  -Wno-error=extra -Wno-error=unused-function -Wno-error=sign-compare -Wno-error=strict-aliasing -Wno-error=type-limits -Wno-unused-parameter -Wno-error=unused-variable -Wno-error=undef -Wno-error=uninitialized -Wno-error=unused-result -Wlogical-op -Wno-error=maybe-uninitialized -Wno-error=clobbered -Wno-error=unused-but-set-variable -Wno-error=odr -Wno-reorder -Wno-missing-field-initializers -march=native -maes -pthread -w -Wno-everything -msse3    -o CMakeFiles/cmTC_68786.dir/CheckIncludeFile.cxx.o -c /home/water/blockchains/catalyst-cli/cmake-build-debug/CMakeFiles/CMakeTmp/CheckIncludeFile.cxx
Linking CXX executable cmTC_68786
/home/water/.local/share/JetBrains/Toolbox/apps/CLion/ch-0/193.6015.37/bin/cmake/linux/bin/cmake -E cmake_link_script CMakeFiles/cmTC_68786.dir/link.txt --verbose=1
/usr/bin/c++   -std=c++17  -Wall -Wextra -Wpointer-arith -Wvla -Wwrite-strings  -Wno-error=extra -Wno-error=unused-function -Wno-error=sign-compare -Wno-error=strict-aliasing -Wno-error=type-limits -Wno-unused-parameter -Wno-error=unused-variable -Wno-error=undef -Wno-error=uninitialized -Wno-error=unused-result -Wlogical-op -Wno-error=maybe-uninitialized -Wno-error=clobbered -Wno-error=unused-but-set-variable -Wno-error=odr -Wno-reorder -Wno-missing-field-initializers -march=native -maes -pthread -w -Wno-everything -msse3     -rdynamic CMakeFiles/cmTC_68786.dir/CheckIncludeFile.cxx.o  -o cmTC_68786 
make[1]: Leaving directory '/home/water/blockchains/catalyst-cli/cmake-build-debug/CMakeFiles/CMakeTmp'



Performing C++ SOURCE FILE Test check_cxx_compiler_flag__mssse3 succeeded with the following output:
Change Dir: /home/water/blockchains/catalyst-cli/cmake-build-debug/CMakeFiles/CMakeTmp

Run Build Command(s):/usr/bin/make cmTC_2e05e/fast && /usr/bin/make -f CMakeFiles/cmTC_2e05e.dir/build.make CMakeFiles/cmTC_2e05e.dir/build
make[1]: Entering directory '/home/water/blockchains/catalyst-cli/cmake-build-debug/CMakeFiles/CMakeTmp'
Building CXX object CMakeFiles/cmTC_2e05e.dir/src.cxx.o
/usr/bin/c++    -std=c++17  -Wall -Wextra -Wpointer-arith -Wvla -Wwrite-strings  -Wno-error=extra -Wno-error=unused-function -Wno-error=sign-compare -Wno-error=strict-aliasing -Wno-error=type-limits -Wno-unused-parameter -Wno-error=unused-variable -Wno-error=undef -Wno-error=uninitialized -Wno-error=unused-result -Wlogical-op -Wno-error=maybe-uninitialized -Wno-error=clobbered -Wno-error=unused-but-set-variable -Wno-error=odr -Wno-reorder -Wno-missing-field-initializers -march=native -maes -pthread -w -Wno-everything -Dcheck_cxx_compiler_flag__mssse3   -mssse3 -o CMakeFiles/cmTC_2e05e.dir/src.cxx.o -c /home/water/blockchains/catalyst-cli/cmake-build-debug/CMakeFiles/CMakeTmp/src.cxx
Linking CXX executable cmTC_2e05e
/home/water/.local/share/JetBrains/Toolbox/apps/CLion/ch-0/193.6015.37/bin/cmake/linux/bin/cmake -E cmake_link_script CMakeFiles/cmTC_2e05e.dir/link.txt --verbose=1
/usr/bin/c++   -std=c++17  -Wall -Wextra -Wpointer-arith -Wvla -Wwrite-strings  -Wno-error=extra -Wno-error=unused-function -Wno-error=sign-compare -Wno-error=strict-aliasing -Wno-error=type-limits -Wno-unused-parameter -Wno-error=unused-variable -Wno-error=undef -Wno-error=uninitialized -Wno-error=unused-result -Wlogical-op -Wno-error=maybe-uninitialized -Wno-error=clobbered -Wno-error=unused-but-set-variable -Wno-error=odr -Wno-reorder -Wno-missing-field-initializers -march=native -maes -pthread -w -Wno-everything -Dcheck_cxx_compiler_flag__mssse3    -rdynamic CMakeFiles/cmTC_2e05e.dir/src.cxx.o  -o cmTC_2e05e 
make[1]: Leaving directory '/home/water/blockchains/catalyst-cli/cmake-build-debug/CMakeFiles/CMakeTmp'


Source file was:
#include <cstdio>
      int main() { return 0; }
Determining if the include file tmmintrin.h exists passed with the following output:
Change Dir: /home/water/blockchains/catalyst-cli/cmake-build-debug/CMakeFiles/CMakeTmp

Run Build Command(s):/usr/bin/make cmTC_dbb68/fast && /usr/bin/make -f CMakeFiles/cmTC_dbb68.dir/build.make CMakeFiles/cmTC_dbb68.dir/build
make[1]: Entering directory '/home/water/blockchains/catalyst-cli/cmake-build-debug/CMakeFiles/CMakeTmp'
Building CXX object CMakeFiles/cmTC_dbb68.dir/CheckIncludeFile.cxx.o
/usr/bin/c++    -std=c++17  -Wall -Wextra -Wpointer-arith -Wvla -Wwrite-strings  -Wno-error=extra -Wno-error=unused-function -Wno-error=sign-compare -Wno-error=strict-aliasing -Wno-error=type-limits -Wno-unused-parameter -Wno-error=unused-variable -Wno-error=undef -Wno-error=uninitialized -Wno-error=unused-result -Wlogical-op -Wno-error=maybe-uninitialized -Wno-error=clobbered -Wno-error=unused-but-set-variable -Wno-error=odr -Wno-reorder -Wno-missing-field-initializers -march=native -maes -pthread -w -Wno-everything -mssse3    -o CMakeFiles/cmTC_dbb68.dir/CheckIncludeFile.cxx.o -c /home/water/blockchains/catalyst-cli/cmake-build-debug/CMakeFiles/CMakeTmp/CheckIncludeFile.cxx
Linking CXX executable cmTC_dbb68
/home/water/.local/share/JetBrains/Toolbox/apps/CLion/ch-0/193.6015.37/bin/cmake/linux/bin/cmake -E cmake_link_script CMakeFiles/cmTC_dbb68.dir/link.txt --verbose=1
/usr/bin/c++   -std=c++17  -Wall -Wextra -Wpointer-arith -Wvla -Wwrite-strings  -Wno-error=extra -Wno-error=unused-function -Wno-error=sign-compare -Wno-error=strict-aliasing -Wno-error=type-limits -Wno-unused-parameter -Wno-error=unused-variable -Wno-error=undef -Wno-error=uninitialized -Wno-error=unused-result -Wlogical-op -Wno-error=maybe-uninitialized -Wno-error=clobbered -Wno-error=unused-but-set-variable -Wno-error=odr -Wno-reorder -Wno-missing-field-initializers -march=native -maes -pthread -w -Wno-everything -mssse3     -rdynamic CMakeFiles/cmTC_dbb68.dir/CheckIncludeFile.cxx.o  -o cmTC_dbb68 
make[1]: Leaving directory '/home/water/blockchains/catalyst-cli/cmake-build-debug/CMakeFiles/CMakeTmp'



Performing C++ SOURCE FILE Test check_cxx_compiler_flag__msse4_1 succeeded with the following output:
Change Dir: /home/water/blockchains/catalyst-cli/cmake-build-debug/CMakeFiles/CMakeTmp

Run Build Command(s):/usr/bin/make cmTC_53e5d/fast && /usr/bin/make -f CMakeFiles/cmTC_53e5d.dir/build.make CMakeFiles/cmTC_53e5d.dir/build
make[1]: Entering directory '/home/water/blockchains/catalyst-cli/cmake-build-debug/CMakeFiles/CMakeTmp'
Building CXX object CMakeFiles/cmTC_53e5d.dir/src.cxx.o
/usr/bin/c++    -std=c++17  -Wall -Wextra -Wpointer-arith -Wvla -Wwrite-strings  -Wno-error=extra -Wno-error=unused-function -Wno-error=sign-compare -Wno-error=strict-aliasing -Wno-error=type-limits -Wno-unused-parameter -Wno-error=unused-variable -Wno-error=undef -Wno-error=uninitialized -Wno-error=unused-result -Wlogical-op -Wno-error=maybe-uninitialized -Wno-error=clobbered -Wno-error=unused-but-set-variable -Wno-error=odr -Wno-reorder -Wno-missing-field-initializers -march=native -maes -pthread -w -Wno-everything -Dcheck_cxx_compiler_flag__msse4_1   -msse4.1 -o CMakeFiles/cmTC_53e5d.dir/src.cxx.o -c /home/water/blockchains/catalyst-cli/cmake-build-debug/CMakeFiles/CMakeTmp/src.cxx
Linking CXX executable cmTC_53e5d
/home/water/.local/share/JetBrains/Toolbox/apps/CLion/ch-0/193.6015.37/bin/cmake/linux/bin/cmake -E cmake_link_script CMakeFiles/cmTC_53e5d.dir/link.txt --verbose=1
/usr/bin/c++   -std=c++17  -Wall -Wextra -Wpointer-arith -Wvla -Wwrite-strings  -Wno-error=extra -Wno-error=unused-function -Wno-error=sign-compare -Wno-error=strict-aliasing -Wno-error=type-limits -Wno-unused-parameter -Wno-error=unused-variable -Wno-error=undef -Wno-error=uninitialized -Wno-error=unused-result -Wlogical-op -Wno-error=maybe-uninitialized -Wno-error=clobbered -Wno-error=unused-but-set-variable -Wno-error=odr -Wno-reorder -Wno-missing-field-initializers -march=native -maes -pthread -w -Wno-everything -Dcheck_cxx_compiler_flag__msse4_1    -rdynamic CMakeFiles/cmTC_53e5d.dir/src.cxx.o  -o cmTC_53e5d 
make[1]: Leaving directory '/home/water/blockchains/catalyst-cli/cmake-build-debug/CMakeFiles/CMakeTmp'


Source file was:
#include <cstdio>
      int main() { return 0; }
Determining if the include file smmintrin.h exists passed with the following output:
Change Dir: /home/water/blockchains/catalyst-cli/cmake-build-debug/CMakeFiles/CMakeTmp

Run Build Command(s):/usr/bin/make cmTC_bd864/fast && /usr/bin/make -f CMakeFiles/cmTC_bd864.dir/build.make CMakeFiles/cmTC_bd864.dir/build
make[1]: Entering directory '/home/water/blockchains/catalyst-cli/cmake-build-debug/CMakeFiles/CMakeTmp'
Building CXX object CMakeFiles/cmTC_bd864.dir/CheckIncludeFile.cxx.o
/usr/bin/c++    -std=c++17  -Wall -Wextra -Wpointer-arith -Wvla -Wwrite-strings  -Wno-error=extra -Wno-error=unused-function -Wno-error=sign-compare -Wno-error=strict-aliasing -Wno-error=type-limits -Wno-unused-parameter -Wno-error=unused-variable -Wno-error=undef -Wno-error=uninitialized -Wno-error=unused-result -Wlogical-op -Wno-error=maybe-uninitialized -Wno-error=clobbered -Wno-error=unused-but-set-variable -Wno-error=odr -Wno-reorder -Wno-missing-field-initializers -march=native -maes -pthread -w -Wno-everything -msse4.1    -o CMakeFiles/cmTC_bd864.dir/CheckIncludeFile.cxx.o -c /home/water/blockchains/catalyst-cli/cmake-build-debug/CMakeFiles/CMakeTmp/CheckIncludeFile.cxx
Linking CXX executable cmTC_bd864
/home/water/.local/share/JetBrains/Toolbox/apps/CLion/ch-0/193.6015.37/bin/cmake/linux/bin/cmake -E cmake_link_script CMakeFiles/cmTC_bd864.dir/link.txt --verbose=1
/usr/bin/c++   -std=c++17  -Wall -Wextra -Wpointer-arith -Wvla -Wwrite-strings  -Wno-error=extra -Wno-error=unused-function -Wno-error=sign-compare -Wno-error=strict-aliasing -Wno-error=type-limits -Wno-unused-parameter -Wno-error=unused-variable -Wno-error=undef -Wno-error=uninitialized -Wno-error=unused-result -Wlogical-op -Wno-error=maybe-uninitialized -Wno-error=clobbered -Wno-error=unused-but-set-variable -Wno-error=odr -Wno-reorder -Wno-missing-field-initializers -march=native -maes -pthread -w -Wno-everything -msse4.1     -rdynamic CMakeFiles/cmTC_bd864.dir/CheckIncludeFile.cxx.o  -o cmTC_bd864 
make[1]: Leaving directory '/home/water/blockchains/catalyst-cli/cmake-build-debug/CMakeFiles/CMakeTmp'



Performing C++ SOURCE FILE Test check_cxx_compiler_flag__msse4_2 succeeded with the following output:
Change Dir: /home/water/blockchains/catalyst-cli/cmake-build-debug/CMakeFiles/CMakeTmp

Run Build Command(s):/usr/bin/make cmTC_a1f9b/fast && /usr/bin/make -f CMakeFiles/cmTC_a1f9b.dir/build.make CMakeFiles/cmTC_a1f9b.dir/build
make[1]: Entering directory '/home/water/blockchains/catalyst-cli/cmake-build-debug/CMakeFiles/CMakeTmp'
Building CXX object CMakeFiles/cmTC_a1f9b.dir/src.cxx.o
/usr/bin/c++    -std=c++17  -Wall -Wextra -Wpointer-arith -Wvla -Wwrite-strings  -Wno-error=extra -Wno-error=unused-function -Wno-error=sign-compare -Wno-error=strict-aliasing -Wno-error=type-limits -Wno-unused-parameter -Wno-error=unused-variable -Wno-error=undef -Wno-error=uninitialized -Wno-error=unused-result -Wlogical-op -Wno-error=maybe-uninitialized -Wno-error=clobbered -Wno-error=unused-but-set-variable -Wno-error=odr -Wno-reorder -Wno-missing-field-initializers -march=native -maes -pthread -w -Wno-everything -Dcheck_cxx_compiler_flag__msse4_2   -msse4.2 -o CMakeFiles/cmTC_a1f9b.dir/src.cxx.o -c /home/water/blockchains/catalyst-cli/cmake-build-debug/CMakeFiles/CMakeTmp/src.cxx
Linking CXX executable cmTC_a1f9b
/home/water/.local/share/JetBrains/Toolbox/apps/CLion/ch-0/193.6015.37/bin/cmake/linux/bin/cmake -E cmake_link_script CMakeFiles/cmTC_a1f9b.dir/link.txt --verbose=1
/usr/bin/c++   -std=c++17  -Wall -Wextra -Wpointer-arith -Wvla -Wwrite-strings  -Wno-error=extra -Wno-error=unused-function -Wno-error=sign-compare -Wno-error=strict-aliasing -Wno-error=type-limits -Wno-unused-parameter -Wno-error=unused-variable -Wno-error=undef -Wno-error=uninitialized -Wno-error=unused-result -Wlogical-op -Wno-error=maybe-uninitialized -Wno-error=clobbered -Wno-error=unused-but-set-variable -Wno-error=odr -Wno-reorder -Wno-missing-field-initializers -march=native -maes -pthread -w -Wno-everything -Dcheck_cxx_compiler_flag__msse4_2    -rdynamic CMakeFiles/cmTC_a1f9b.dir/src.cxx.o  -o cmTC_a1f9b 
make[1]: Leaving directory '/home/water/blockchains/catalyst-cli/cmake-build-debug/CMakeFiles/CMakeTmp'


Source file was:
#include <cstdio>
      int main() { return 0; }
Performing C++ SOURCE FILE Test check_cxx_compiler_flag__mavx succeeded with the following output:
Change Dir: /home/water/blockchains/catalyst-cli/cmake-build-debug/CMakeFiles/CMakeTmp

Run Build Command(s):/usr/bin/make cmTC_d78e7/fast && /usr/bin/make -f CMakeFiles/cmTC_d78e7.dir/build.make CMakeFiles/cmTC_d78e7.dir/build
make[1]: Entering directory '/home/water/blockchains/catalyst-cli/cmake-build-debug/CMakeFiles/CMakeTmp'
Building CXX object CMakeFiles/cmTC_d78e7.dir/src.cxx.o
/usr/bin/c++    -std=c++17  -Wall -Wextra -Wpointer-arith -Wvla -Wwrite-strings  -Wno-error=extra -Wno-error=unused-function -Wno-error=sign-compare -Wno-error=strict-aliasing -Wno-error=type-limits -Wno-unused-parameter -Wno-error=unused-variable -Wno-error=undef -Wno-error=uninitialized -Wno-error=unused-result -Wlogical-op -Wno-error=maybe-uninitialized -Wno-error=clobbered -Wno-error=unused-but-set-variable -Wno-error=odr -Wno-reorder -Wno-missing-field-initializers -march=native -maes -pthread -w -Wno-everything -Dcheck_cxx_compiler_flag__mavx   -mavx -o CMakeFiles/cmTC_d78e7.dir/src.cxx.o -c /home/water/blockchains/catalyst-cli/cmake-build-debug/CMakeFiles/CMakeTmp/src.cxx
Linking CXX executable cmTC_d78e7
/home/water/.local/share/JetBrains/Toolbox/apps/CLion/ch-0/193.6015.37/bin/cmake/linux/bin/cmake -E cmake_link_script CMakeFiles/cmTC_d78e7.dir/link.txt --verbose=1
/usr/bin/c++   -std=c++17  -Wall -Wextra -Wpointer-arith -Wvla -Wwrite-strings  -Wno-error=extra -Wno-error=unused-function -Wno-error=sign-compare -Wno-error=strict-aliasing -Wno-error=type-limits -Wno-unused-parameter -Wno-error=unused-variable -Wno-error=undef -Wno-error=uninitialized -Wno-error=unused-result -Wlogical-op -Wno-error=maybe-uninitialized -Wno-error=clobbered -Wno-error=unused-but-set-variable -Wno-error=odr -Wno-reorder -Wno-missing-field-initializers -march=native -maes -pthread -w -Wno-everything -Dcheck_cxx_compiler_flag__mavx    -rdynamic CMakeFiles/cmTC_d78e7.dir/src.cxx.o  -o cmTC_d78e7 
make[1]: Leaving directory '/home/water/blockchains/catalyst-cli/cmake-build-debug/CMakeFiles/CMakeTmp'


Source file was:
#include <cstdio>
      int main() { return 0; }
Determining if the include file immintrin.h exists passed with the following output:
Change Dir: /home/water/blockchains/catalyst-cli/cmake-build-debug/CMakeFiles/CMakeTmp

Run Build Command(s):/usr/bin/make cmTC_b7e7d/fast && /usr/bin/make -f CMakeFiles/cmTC_b7e7d.dir/build.make CMakeFiles/cmTC_b7e7d.dir/build
make[1]: Entering directory '/home/water/blockchains/catalyst-cli/cmake-build-debug/CMakeFiles/CMakeTmp'
Building CXX object CMakeFiles/cmTC_b7e7d.dir/CheckIncludeFile.cxx.o
/usr/bin/c++    -std=c++17  -Wall -Wextra -Wpointer-arith -Wvla -Wwrite-strings  -Wno-error=extra -Wno-error=unused-function -Wno-error=sign-compare -Wno-error=strict-aliasing -Wno-error=type-limits -Wno-unused-parameter -Wno-error=unused-variable -Wno-error=undef -Wno-error=uninitialized -Wno-error=unused-result -Wlogical-op -Wno-error=maybe-uninitialized -Wno-error=clobbered -Wno-error=unused-but-set-variable -Wno-error=odr -Wno-reorder -Wno-missing-field-initializers -march=native -maes -pthread -w -Wno-everything -mavx    -o CMakeFiles/cmTC_b7e7d.dir/CheckIncludeFile.cxx.o -c /home/water/blockchains/catalyst-cli/cmake-build-debug/CMakeFiles/CMakeTmp/CheckIncludeFile.cxx
Linking CXX executable cmTC_b7e7d
/home/water/.local/share/JetBrains/Toolbox/apps/CLion/ch-0/193.6015.37/bin/cmake/linux/bin/cmake -E cmake_link_script CMakeFiles/cmTC_b7e7d.dir/link.txt --verbose=1
/usr/bin/c++   -std=c++17  -Wall -Wextra -Wpointer-arith -Wvla -Wwrite-strings  -Wno-error=extra -Wno-error=unused-function -Wno-error=sign-compare -Wno-error=strict-aliasing -Wno-error=type-limits -Wno-unused-parameter -Wno-error=unused-variable -Wno-error=undef -Wno-error=uninitialized -Wno-error=unused-result -Wlogical-op -Wno-error=maybe-uninitialized -Wno-error=clobbered -Wno-error=unused-but-set-variable -Wno-error=odr -Wno-reorder -Wno-missing-field-initializers -march=native -maes -pthread -w -Wno-everything -mavx     -rdynamic CMakeFiles/cmTC_b7e7d.dir/CheckIncludeFile.cxx.o  -o cmTC_b7e7d 
make[1]: Leaving directory '/home/water/blockchains/catalyst-cli/cmake-build-debug/CMakeFiles/CMakeTmp'



Performing C++ SOURCE FILE Test check_cxx_compiler_flag__mfma succeeded with the following output:
Change Dir: /home/water/blockchains/catalyst-cli/cmake-build-debug/CMakeFiles/CMakeTmp

Run Build Command(s):/usr/bin/make cmTC_25ca4/fast && /usr/bin/make -f CMakeFiles/cmTC_25ca4.dir/build.make CMakeFiles/cmTC_25ca4.dir/build
make[1]: Entering directory '/home/water/blockchains/catalyst-cli/cmake-build-debug/CMakeFiles/CMakeTmp'
Building CXX object CMakeFiles/cmTC_25ca4.dir/src.cxx.o
/usr/bin/c++    -std=c++17  -Wall -Wextra -Wpointer-arith -Wvla -Wwrite-strings  -Wno-error=extra -Wno-error=unused-function -Wno-error=sign-compare -Wno-error=strict-aliasing -Wno-error=type-limits -Wno-unused-parameter -Wno-error=unused-variable -Wno-error=undef -Wno-error=uninitialized -Wno-error=unused-result -Wlogical-op -Wno-error=maybe-uninitialized -Wno-error=clobbered -Wno-error=unused-but-set-variable -Wno-error=odr -Wno-reorder -Wno-missing-field-initializers -march=native -maes -pthread -w -Wno-everything -Dcheck_cxx_compiler_flag__mfma   -mfma -o CMakeFiles/cmTC_25ca4.dir/src.cxx.o -c /home/water/blockchains/catalyst-cli/cmake-build-debug/CMakeFiles/CMakeTmp/src.cxx
Linking CXX executable cmTC_25ca4
/home/water/.local/share/JetBrains/Toolbox/apps/CLion/ch-0/193.6015.37/bin/cmake/linux/bin/cmake -E cmake_link_script CMakeFiles/cmTC_25ca4.dir/link.txt --verbose=1
/usr/bin/c++   -std=c++17  -Wall -Wextra -Wpointer-arith -Wvla -Wwrite-strings  -Wno-error=extra -Wno-error=unused-function -Wno-error=sign-compare -Wno-error=strict-aliasing -Wno-error=type-limits -Wno-unused-parameter -Wno-error=unused-variable -Wno-error=undef -Wno-error=uninitialized -Wno-error=unused-result -Wlogical-op -Wno-error=maybe-uninitialized -Wno-error=clobbered -Wno-error=unused-but-set-variable -Wno-error=odr -Wno-reorder -Wno-missing-field-initializers -march=native -maes -pthread -w -Wno-everything -Dcheck_cxx_compiler_flag__mfma    -rdynamic CMakeFiles/cmTC_25ca4.dir/src.cxx.o  -o cmTC_25ca4 
make[1]: Leaving directory '/home/water/blockchains/catalyst-cli/cmake-build-debug/CMakeFiles/CMakeTmp'


Source file was:
#include <immintrin.h>
      __m128 foo(__m128 x) { return _mm_fmadd_ps(x, x, x); }
      int main() { return 0; }
Performing C++ SOURCE FILE Test check_cxx_compiler_flag__mbmi2 succeeded with the following output:
Change Dir: /home/water/blockchains/catalyst-cli/cmake-build-debug/CMakeFiles/CMakeTmp

Run Build Command(s):/usr/bin/make cmTC_5e2d7/fast && /usr/bin/make -f CMakeFiles/cmTC_5e2d7.dir/build.make CMakeFiles/cmTC_5e2d7.dir/build
make[1]: Entering directory '/home/water/blockchains/catalyst-cli/cmake-build-debug/CMakeFiles/CMakeTmp'
Building CXX object CMakeFiles/cmTC_5e2d7.dir/src.cxx.o
/usr/bin/c++    -std=c++17  -Wall -Wextra -Wpointer-arith -Wvla -Wwrite-strings  -Wno-error=extra -Wno-error=unused-function -Wno-error=sign-compare -Wno-error=strict-aliasing -Wno-error=type-limits -Wno-unused-parameter -Wno-error=unused-variable -Wno-error=undef -Wno-error=uninitialized -Wno-error=unused-result -Wlogical-op -Wno-error=maybe-uninitialized -Wno-error=clobbered -Wno-error=unused-but-set-variable -Wno-error=odr -Wno-reorder -Wno-missing-field-initializers -march=native -maes -pthread -w -Wno-everything -Dcheck_cxx_compiler_flag__mbmi2   -mbmi2 -o CMakeFiles/cmTC_5e2d7.dir/src.cxx.o -c /home/water/blockchains/catalyst-cli/cmake-build-debug/CMakeFiles/CMakeTmp/src.cxx
Linking CXX executable cmTC_5e2d7
/home/water/.local/share/JetBrains/Toolbox/apps/CLion/ch-0/193.6015.37/bin/cmake/linux/bin/cmake -E cmake_link_script CMakeFiles/cmTC_5e2d7.dir/link.txt --verbose=1
/usr/bin/c++   -std=c++17  -Wall -Wextra -Wpointer-arith -Wvla -Wwrite-strings  -Wno-error=extra -Wno-error=unused-function -Wno-error=sign-compare -Wno-error=strict-aliasing -Wno-error=type-limits -Wno-unused-parameter -Wno-error=unused-variable -Wno-error=undef -Wno-error=uninitialized -Wno-error=unused-result -Wlogical-op -Wno-error=maybe-uninitialized -Wno-error=clobbered -Wno-error=unused-but-set-variable -Wno-error=odr -Wno-reorder -Wno-missing-field-initializers -march=native -maes -pthread -w -Wno-everything -Dcheck_cxx_compiler_flag__mbmi2    -rdynamic CMakeFiles/cmTC_5e2d7.dir/src.cxx.o  -o cmTC_5e2d7 
make[1]: Leaving directory '/home/water/blockchains/catalyst-cli/cmake-build-debug/CMakeFiles/CMakeTmp'


Source file was:
#include <cstdio>
      int main() { return 0; }
Performing C++ SOURCE FILE Test check_cxx_compiler_flag__mavx2 succeeded with the following output:
Change Dir: /home/water/blockchains/catalyst-cli/cmake-build-debug/CMakeFiles/CMakeTmp

Run Build Command(s):/usr/bin/make cmTC_5bea2/fast && /usr/bin/make -f CMakeFiles/cmTC_5bea2.dir/build.make CMakeFiles/cmTC_5bea2.dir/build
make[1]: Entering directory '/home/water/blockchains/catalyst-cli/cmake-build-debug/CMakeFiles/CMakeTmp'
Building CXX object CMakeFiles/cmTC_5bea2.dir/src.cxx.o
/usr/bin/c++    -std=c++17  -Wall -Wextra -Wpointer-arith -Wvla -Wwrite-strings  -Wno-error=extra -Wno-error=unused-function -Wno-error=sign-compare -Wno-error=strict-aliasing -Wno-error=type-limits -Wno-unused-parameter -Wno-error=unused-variable -Wno-error=undef -Wno-error=uninitialized -Wno-error=unused-result -Wlogical-op -Wno-error=maybe-uninitialized -Wno-error=clobbered -Wno-error=unused-but-set-variable -Wno-error=odr -Wno-reorder -Wno-missing-field-initializers -march=native -maes -pthread -w -Wno-everything -Dcheck_cxx_compiler_flag__mavx2   -mavx2 -o CMakeFiles/cmTC_5bea2.dir/src.cxx.o -c /home/water/blockchains/catalyst-cli/cmake-build-debug/CMakeFiles/CMakeTmp/src.cxx
Linking CXX executable cmTC_5bea2
/home/water/.local/share/JetBrains/Toolbox/apps/CLion/ch-0/193.6015.37/bin/cmake/linux/bin/cmake -E cmake_link_script CMakeFiles/cmTC_5bea2.dir/link.txt --verbose=1
/usr/bin/c++   -std=c++17  -Wall -Wextra -Wpointer-arith -Wvla -Wwrite-strings  -Wno-error=extra -Wno-error=unused-function -Wno-error=sign-compare -Wno-error=strict-aliasing -Wno-error=type-limits -Wno-unused-parameter -Wno-error=unused-variable -Wno-error=undef -Wno-error=uninitialized -Wno-error=unused-result -Wlogical-op -Wno-error=maybe-uninitialized -Wno-error=clobbered -Wno-error=unused-but-set-variable -Wno-error=odr -Wno-reorder -Wno-missing-field-initializers -march=native -maes -pthread -w -Wno-everything -Dcheck_cxx_compiler_flag__mavx2    -rdynamic CMakeFiles/cmTC_5bea2.dir/src.cxx.o  -o cmTC_5bea2 
make[1]: Leaving directory '/home/water/blockchains/catalyst-cli/cmake-build-debug/CMakeFiles/CMakeTmp'


Source file was:
#include <cstdio>
      int main() { return 0; }
Performing C++ SOURCE FILE Test check_cxx_compiler_flag__mno_sse4a succeeded with the following output:
Change Dir: /home/water/blockchains/catalyst-cli/cmake-build-debug/CMakeFiles/CMakeTmp

Run Build Command(s):/usr/bin/make cmTC_0cf32/fast && /usr/bin/make -f CMakeFiles/cmTC_0cf32.dir/build.make CMakeFiles/cmTC_0cf32.dir/build
make[1]: Entering directory '/home/water/blockchains/catalyst-cli/cmake-build-debug/CMakeFiles/CMakeTmp'
Building CXX object CMakeFiles/cmTC_0cf32.dir/src.cxx.o
/usr/bin/c++    -std=c++17  -Wall -Wextra -Wpointer-arith -Wvla -Wwrite-strings  -Wno-error=extra -Wno-error=unused-function -Wno-error=sign-compare -Wno-error=strict-aliasing -Wno-error=type-limits -Wno-unused-parameter -Wno-error=unused-variable -Wno-error=undef -Wno-error=uninitialized -Wno-error=unused-result -Wlogical-op -Wno-error=maybe-uninitialized -Wno-error=clobbered -Wno-error=unused-but-set-variable -Wno-error=odr -Wno-reorder -Wno-missing-field-initializers -march=native -maes -pthread -w -Wno-everything -Dcheck_cxx_compiler_flag__mno_sse4a   -mno-sse4a -o CMakeFiles/cmTC_0cf32.dir/src.cxx.o -c /home/water/blockchains/catalyst-cli/cmake-build-debug/CMakeFiles/CMakeTmp/src.cxx
Linking CXX executable cmTC_0cf32
/home/water/.local/share/JetBrains/Toolbox/apps/CLion/ch-0/193.6015.37/bin/cmake/linux/bin/cmake -E cmake_link_script CMakeFiles/cmTC_0cf32.dir/link.txt --verbose=1
/usr/bin/c++   -std=c++17  -Wall -Wextra -Wpointer-arith -Wvla -Wwrite-strings  -Wno-error=extra -Wno-error=unused-function -Wno-error=sign-compare -Wno-error=strict-aliasing -Wno-error=type-limits -Wno-unused-parameter -Wno-error=unused-variable -Wno-error=undef -Wno-error=uninitialized -Wno-error=unused-result -Wlogical-op -Wno-error=maybe-uninitialized -Wno-error=clobbered -Wno-error=unused-but-set-variable -Wno-error=odr -Wno-reorder -Wno-missing-field-initializers -march=native -maes -pthread -w -Wno-everything -Dcheck_cxx_compiler_flag__mno_sse4a    -rdynamic CMakeFiles/cmTC_0cf32.dir/src.cxx.o  -o cmTC_0cf32 
make[1]: Leaving directory '/home/water/blockchains/catalyst-cli/cmake-build-debug/CMakeFiles/CMakeTmp'


Source file was:
#include <cstdio>
      int main() { return 0; }
Performing C++ SOURCE FILE Test check_cxx_compiler_flag__mno_xop succeeded with the following output:
Change Dir: /home/water/blockchains/catalyst-cli/cmake-build-debug/CMakeFiles/CMakeTmp

Run Build Command(s):/usr/bin/make cmTC_00202/fast && /usr/bin/make -f CMakeFiles/cmTC_00202.dir/build.make CMakeFiles/cmTC_00202.dir/build
make[1]: Entering directory '/home/water/blockchains/catalyst-cli/cmake-build-debug/CMakeFiles/CMakeTmp'
Building CXX object CMakeFiles/cmTC_00202.dir/src.cxx.o
/usr/bin/c++    -std=c++17  -Wall -Wextra -Wpointer-arith -Wvla -Wwrite-strings  -Wno-error=extra -Wno-error=unused-function -Wno-error=sign-compare -Wno-error=strict-aliasing -Wno-error=type-limits -Wno-unused-parameter -Wno-error=unused-variable -Wno-error=undef -Wno-error=uninitialized -Wno-error=unused-result -Wlogical-op -Wno-error=maybe-uninitialized -Wno-error=clobbered -Wno-error=unused-but-set-variable -Wno-error=odr -Wno-reorder -Wno-missing-field-initializers -march=native -maes -pthread -w -Wno-everything -Dcheck_cxx_compiler_flag__mno_xop   -mno-xop -o CMakeFiles/cmTC_00202.dir/src.cxx.o -c /home/water/blockchains/catalyst-cli/cmake-build-debug/CMakeFiles/CMakeTmp/src.cxx
Linking CXX executable cmTC_00202
/home/water/.local/share/JetBrains/Toolbox/apps/CLion/ch-0/193.6015.37/bin/cmake/linux/bin/cmake -E cmake_link_script CMakeFiles/cmTC_00202.dir/link.txt --verbose=1
/usr/bin/c++   -std=c++17  -Wall -Wextra -Wpointer-arith -Wvla -Wwrite-strings  -Wno-error=extra -Wno-error=unused-function -Wno-error=sign-compare -Wno-error=strict-aliasing -Wno-error=type-limits -Wno-unused-parameter -Wno-error=unused-variable -Wno-error=undef -Wno-error=uninitialized -Wno-error=unused-result -Wlogical-op -Wno-error=maybe-uninitialized -Wno-error=clobbered -Wno-error=unused-but-set-variable -Wno-error=odr -Wno-reorder -Wno-missing-field-initializers -march=native -maes -pthread -w -Wno-everything -Dcheck_cxx_compiler_flag__mno_xop    -rdynamic CMakeFiles/cmTC_00202.dir/src.cxx.o  -o cmTC_00202 
make[1]: Leaving directory '/home/water/blockchains/catalyst-cli/cmake-build-debug/CMakeFiles/CMakeTmp'


Source file was:
#include <cstdio>
      int main() { return 0; }
Performing C++ SOURCE FILE Test check_cxx_compiler_flag__mno_fma4 succeeded with the following output:
Change Dir: /home/water/blockchains/catalyst-cli/cmake-build-debug/CMakeFiles/CMakeTmp

Run Build Command(s):/usr/bin/make cmTC_342ee/fast && /usr/bin/make -f CMakeFiles/cmTC_342ee.dir/build.make CMakeFiles/cmTC_342ee.dir/build
make[1]: Entering directory '/home/water/blockchains/catalyst-cli/cmake-build-debug/CMakeFiles/CMakeTmp'
Building CXX object CMakeFiles/cmTC_342ee.dir/src.cxx.o
/usr/bin/c++    -std=c++17  -Wall -Wextra -Wpointer-arith -Wvla -Wwrite-strings  -Wno-error=extra -Wno-error=unused-function -Wno-error=sign-compare -Wno-error=strict-aliasing -Wno-error=type-limits -Wno-unused-parameter -Wno-error=unused-variable -Wno-error=undef -Wno-error=uninitialized -Wno-error=unused-result -Wlogical-op -Wno-error=maybe-uninitialized -Wno-error=clobbered -Wno-error=unused-but-set-variable -Wno-error=odr -Wno-reorder -Wno-missing-field-initializers -march=native -maes -pthread -w -Wno-everything -Dcheck_cxx_compiler_flag__mno_fma4   -mno-fma4 -o CMakeFiles/cmTC_342ee.dir/src.cxx.o -c /home/water/blockchains/catalyst-cli/cmake-build-debug/CMakeFiles/CMakeTmp/src.cxx
Linking CXX executable cmTC_342ee
/home/water/.local/share/JetBrains/Toolbox/apps/CLion/ch-0/193.6015.37/bin/cmake/linux/bin/cmake -E cmake_link_script CMakeFiles/cmTC_342ee.dir/link.txt --verbose=1
/usr/bin/c++   -std=c++17  -Wall -Wextra -Wpointer-arith -Wvla -Wwrite-strings  -Wno-error=extra -Wno-error=unused-function -Wno-error=sign-compare -Wno-error=strict-aliasing -Wno-error=type-limits -Wno-unused-parameter -Wno-error=unused-variable -Wno-error=undef -Wno-error=uninitialized -Wno-error=unused-result -Wlogical-op -Wno-error=maybe-uninitialized -Wno-error=clobbered -Wno-error=unused-but-set-variable -Wno-error=odr -Wno-reorder -Wno-missing-field-initializers -march=native -maes -pthread -w -Wno-everything -Dcheck_cxx_compiler_flag__mno_fma4    -rdynamic CMakeFiles/cmTC_342ee.dir/src.cxx.o  -o cmTC_342ee 
make[1]: Leaving directory '/home/water/blockchains/catalyst-cli/cmake-build-debug/CMakeFiles/CMakeTmp'


Source file was:
#include <cstdio>
      int main() { return 0; }
Performing C++ SOURCE FILE Test check_cxx_compiler_flag__mno_avx512f succeeded with the following output:
Change Dir: /home/water/blockchains/catalyst-cli/cmake-build-debug/CMakeFiles/CMakeTmp

Run Build Command(s):/usr/bin/make cmTC_39cdc/fast && /usr/bin/make -f CMakeFiles/cmTC_39cdc.dir/build.make CMakeFiles/cmTC_39cdc.dir/build
make[1]: Entering directory '/home/water/blockchains/catalyst-cli/cmake-build-debug/CMakeFiles/CMakeTmp'
Building CXX object CMakeFiles/cmTC_39cdc.dir/src.cxx.o
/usr/bin/c++    -std=c++17  -Wall -Wextra -Wpointer-arith -Wvla -Wwrite-strings  -Wno-error=extra -Wno-error=unused-function -Wno-error=sign-compare -Wno-error=strict-aliasing -Wno-error=type-limits -Wno-unused-parameter -Wno-error=unused-variable -Wno-error=undef -Wno-error=uninitialized -Wno-error=unused-result -Wlogical-op -Wno-error=maybe-uninitialized -Wno-error=clobbered -Wno-error=unused-but-set-variable -Wno-error=odr -Wno-reorder -Wno-missing-field-initializers -march=native -maes -pthread -w -Wno-everything -Dcheck_cxx_compiler_flag__mno_avx512f   -mno-avx512f -o CMakeFiles/cmTC_39cdc.dir/src.cxx.o -c /home/water/blockchains/catalyst-cli/cmake-build-debug/CMakeFiles/CMakeTmp/src.cxx
Linking CXX executable cmTC_39cdc
/home/water/.local/share/JetBrains/Toolbox/apps/CLion/ch-0/193.6015.37/bin/cmake/linux/bin/cmake -E cmake_link_script CMakeFiles/cmTC_39cdc.dir/link.txt --verbose=1
/usr/bin/c++   -std=c++17  -Wall -Wextra -Wpointer-arith -Wvla -Wwrite-strings  -Wno-error=extra -Wno-error=unused-function -Wno-error=sign-compare -Wno-error=strict-aliasing -Wno-error=type-limits -Wno-unused-parameter -Wno-error=unused-variable -Wno-error=undef -Wno-error=uninitialized -Wno-error=unused-result -Wlogical-op -Wno-error=maybe-uninitialized -Wno-error=clobbered -Wno-error=unused-but-set-variable -Wno-error=odr -Wno-reorder -Wno-missing-field-initializers -march=native -maes -pthread -w -Wno-everything -Dcheck_cxx_compiler_flag__mno_avx512f    -rdynamic CMakeFiles/cmTC_39cdc.dir/src.cxx.o  -o cmTC_39cdc 
make[1]: Leaving directory '/home/water/blockchains/catalyst-cli/cmake-build-debug/CMakeFiles/CMakeTmp'


Source file was:
#include <cstdio>
      int main() { return 0; }
Performing C++ SOURCE FILE Test check_cxx_compiler_flag__mno_avx512vl succeeded with the following output:
Change Dir: /home/water/blockchains/catalyst-cli/cmake-build-debug/CMakeFiles/CMakeTmp

Run Build Command(s):/usr/bin/make cmTC_37a6f/fast && /usr/bin/make -f CMakeFiles/cmTC_37a6f.dir/build.make CMakeFiles/cmTC_37a6f.dir/build
make[1]: Entering directory '/home/water/blockchains/catalyst-cli/cmake-build-debug/CMakeFiles/CMakeTmp'
Building CXX object CMakeFiles/cmTC_37a6f.dir/src.cxx.o
/usr/bin/c++    -std=c++17  -Wall -Wextra -Wpointer-arith -Wvla -Wwrite-strings  -Wno-error=extra -Wno-error=unused-function -Wno-error=sign-compare -Wno-error=strict-aliasing -Wno-error=type-limits -Wno-unused-parameter -Wno-error=unused-variable -Wno-error=undef -Wno-error=uninitialized -Wno-error=unused-result -Wlogical-op -Wno-error=maybe-uninitialized -Wno-error=clobbered -Wno-error=unused-but-set-variable -Wno-error=odr -Wno-reorder -Wno-missing-field-initializers -march=native -maes -pthread -w -Wno-everything -Dcheck_cxx_compiler_flag__mno_avx512vl   -mno-avx512vl -o CMakeFiles/cmTC_37a6f.dir/src.cxx.o -c /home/water/blockchains/catalyst-cli/cmake-build-debug/CMakeFiles/CMakeTmp/src.cxx
Linking CXX executable cmTC_37a6f
/home/water/.local/share/JetBrains/Toolbox/apps/CLion/ch-0/193.6015.37/bin/cmake/linux/bin/cmake -E cmake_link_script CMakeFiles/cmTC_37a6f.dir/link.txt --verbose=1
/usr/bin/c++   -std=c++17  -Wall -Wextra -Wpointer-arith -Wvla -Wwrite-strings  -Wno-error=extra -Wno-error=unused-function -Wno-error=sign-compare -Wno-error=strict-aliasing -Wno-error=type-limits -Wno-unused-parameter -Wno-error=unused-variable -Wno-error=undef -Wno-error=uninitialized -Wno-error=unused-result -Wlogical-op -Wno-error=maybe-uninitialized -Wno-error=clobbered -Wno-error=unused-but-set-variable -Wno-error=odr -Wno-reorder -Wno-missing-field-initializers -march=native -maes -pthread -w -Wno-everything -Dcheck_cxx_compiler_flag__mno_avx512vl    -rdynamic CMakeFiles/cmTC_37a6f.dir/src.cxx.o  -o cmTC_37a6f 
make[1]: Leaving directory '/home/water/blockchains/catalyst-cli/cmake-build-debug/CMakeFiles/CMakeTmp'


Source file was:
#include <cstdio>
      int main() { return 0; }
Performing C++ SOURCE FILE Test check_cxx_compiler_flag__mno_avx512pf succeeded with the following output:
Change Dir: /home/water/blockchains/catalyst-cli/cmake-build-debug/CMakeFiles/CMakeTmp

Run Build Command(s):/usr/bin/make cmTC_d478d/fast && /usr/bin/make -f CMakeFiles/cmTC_d478d.dir/build.make CMakeFiles/cmTC_d478d.dir/build
make[1]: Entering directory '/home/water/blockchains/catalyst-cli/cmake-build-debug/CMakeFiles/CMakeTmp'
Building CXX object CMakeFiles/cmTC_d478d.dir/src.cxx.o
/usr/bin/c++    -std=c++17  -Wall -Wextra -Wpointer-arith -Wvla -Wwrite-strings  -Wno-error=extra -Wno-error=unused-function -Wno-error=sign-compare -Wno-error=strict-aliasing -Wno-error=type-limits -Wno-unused-parameter -Wno-error=unused-variable -Wno-error=undef -Wno-error=uninitialized -Wno-error=unused-result -Wlogical-op -Wno-error=maybe-uninitialized -Wno-error=clobbered -Wno-error=unused-but-set-variable -Wno-error=odr -Wno-reorder -Wno-missing-field-initializers -march=native -maes -pthread -w -Wno-everything -Dcheck_cxx_compiler_flag__mno_avx512pf   -mno-avx512pf -o CMakeFiles/cmTC_d478d.dir/src.cxx.o -c /home/water/blockchains/catalyst-cli/cmake-build-debug/CMakeFiles/CMakeTmp/src.cxx
Linking CXX executable cmTC_d478d
/home/water/.local/share/JetBrains/Toolbox/apps/CLion/ch-0/193.6015.37/bin/cmake/linux/bin/cmake -E cmake_link_script CMakeFiles/cmTC_d478d.dir/link.txt --verbose=1
/usr/bin/c++   -std=c++17  -Wall -Wextra -Wpointer-arith -Wvla -Wwrite-strings  -Wno-error=extra -Wno-error=unused-function -Wno-error=sign-compare -Wno-error=strict-aliasing -Wno-error=type-limits -Wno-unused-parameter -Wno-error=unused-variable -Wno-error=undef -Wno-error=uninitialized -Wno-error=unused-result -Wlogical-op -Wno-error=maybe-uninitialized -Wno-error=clobbered -Wno-error=unused-but-set-variable -Wno-error=odr -Wno-reorder -Wno-missing-field-initializers -march=native -maes -pthread -w -Wno-everything -Dcheck_cxx_compiler_flag__mno_avx512pf    -rdynamic CMakeFiles/cmTC_d478d.dir/src.cxx.o  -o cmTC_d478d 
make[1]: Leaving directory '/home/water/blockchains/catalyst-cli/cmake-build-debug/CMakeFiles/CMakeTmp'


Source file was:
#include <cstdio>
      int main() { return 0; }
Performing C++ SOURCE FILE Test check_cxx_compiler_flag__mno_avx512er succeeded with the following output:
Change Dir: /home/water/blockchains/catalyst-cli/cmake-build-debug/CMakeFiles/CMakeTmp

Run Build Command(s):/usr/bin/make cmTC_ae9f5/fast && /usr/bin/make -f CMakeFiles/cmTC_ae9f5.dir/build.make CMakeFiles/cmTC_ae9f5.dir/build
make[1]: Entering directory '/home/water/blockchains/catalyst-cli/cmake-build-debug/CMakeFiles/CMakeTmp'
Building CXX object CMakeFiles/cmTC_ae9f5.dir/src.cxx.o
/usr/bin/c++    -std=c++17  -Wall -Wextra -Wpointer-arith -Wvla -Wwrite-strings  -Wno-error=extra -Wno-error=unused-function -Wno-error=sign-compare -Wno-error=strict-aliasing -Wno-error=type-limits -Wno-unused-parameter -Wno-error=unused-variable -Wno-error=undef -Wno-error=uninitialized -Wno-error=unused-result -Wlogical-op -Wno-error=maybe-uninitialized -Wno-error=clobbered -Wno-error=unused-but-set-variable -Wno-error=odr -Wno-reorder -Wno-missing-field-initializers -march=native -maes -pthread -w -Wno-everything -Dcheck_cxx_compiler_flag__mno_avx512er   -mno-avx512er -o CMakeFiles/cmTC_ae9f5.dir/src.cxx.o -c /home/water/blockchains/catalyst-cli/cmake-build-debug/CMakeFiles/CMakeTmp/src.cxx
Linking CXX executable cmTC_ae9f5
/home/water/.local/share/JetBrains/Toolbox/apps/CLion/ch-0/193.6015.37/bin/cmake/linux/bin/cmake -E cmake_link_script CMakeFiles/cmTC_ae9f5.dir/link.txt --verbose=1
/usr/bin/c++   -std=c++17  -Wall -Wextra -Wpointer-arith -Wvla -Wwrite-strings  -Wno-error=extra -Wno-error=unused-function -Wno-error=sign-compare -Wno-error=strict-aliasing -Wno-error=type-limits -Wno-unused-parameter -Wno-error=unused-variable -Wno-error=undef -Wno-error=uninitialized -Wno-error=unused-result -Wlogical-op -Wno-error=maybe-uninitialized -Wno-error=clobbered -Wno-error=unused-but-set-variable -Wno-error=odr -Wno-reorder -Wno-missing-field-initializers -march=native -maes -pthread -w -Wno-everything -Dcheck_cxx_compiler_flag__mno_avx512er    -rdynamic CMakeFiles/cmTC_ae9f5.dir/src.cxx.o  -o cmTC_ae9f5 
make[1]: Leaving directory '/home/water/blockchains/catalyst-cli/cmake-build-debug/CMakeFiles/CMakeTmp'


Source file was:
#include <cstdio>
      int main() { return 0; }
Performing C++ SOURCE FILE Test check_cxx_compiler_flag__mno_avx512cd succeeded with the following output:
Change Dir: /home/water/blockchains/catalyst-cli/cmake-build-debug/CMakeFiles/CMakeTmp

Run Build Command(s):/usr/bin/make cmTC_415d7/fast && /usr/bin/make -f CMakeFiles/cmTC_415d7.dir/build.make CMakeFiles/cmTC_415d7.dir/build
make[1]: Entering directory '/home/water/blockchains/catalyst-cli/cmake-build-debug/CMakeFiles/CMakeTmp'
Building CXX object CMakeFiles/cmTC_415d7.dir/src.cxx.o
/usr/bin/c++    -std=c++17  -Wall -Wextra -Wpointer-arith -Wvla -Wwrite-strings  -Wno-error=extra -Wno-error=unused-function -Wno-error=sign-compare -Wno-error=strict-aliasing -Wno-error=type-limits -Wno-unused-parameter -Wno-error=unused-variable -Wno-error=undef -Wno-error=uninitialized -Wno-error=unused-result -Wlogical-op -Wno-error=maybe-uninitialized -Wno-error=clobbered -Wno-error=unused-but-set-variable -Wno-error=odr -Wno-reorder -Wno-missing-field-initializers -march=native -maes -pthread -w -Wno-everything -Dcheck_cxx_compiler_flag__mno_avx512cd   -mno-avx512cd -o CMakeFiles/cmTC_415d7.dir/src.cxx.o -c /home/water/blockchains/catalyst-cli/cmake-build-debug/CMakeFiles/CMakeTmp/src.cxx
Linking CXX executable cmTC_415d7
/home/water/.local/share/JetBrains/Toolbox/apps/CLion/ch-0/193.6015.37/bin/cmake/linux/bin/cmake -E cmake_link_script CMakeFiles/cmTC_415d7.dir/link.txt --verbose=1
/usr/bin/c++   -std=c++17  -Wall -Wextra -Wpointer-arith -Wvla -Wwrite-strings  -Wno-error=extra -Wno-error=unused-function -Wno-error=sign-compare -Wno-error=strict-aliasing -Wno-error=type-limits -Wno-unused-parameter -Wno-error=unused-variable -Wno-error=undef -Wno-error=uninitialized -Wno-error=unused-result -Wlogical-op -Wno-error=maybe-uninitialized -Wno-error=clobbered -Wno-error=unused-but-set-variable -Wno-error=odr -Wno-reorder -Wno-missing-field-initializers -march=native -maes -pthread -w -Wno-everything -Dcheck_cxx_compiler_flag__mno_avx512cd    -rdynamic CMakeFiles/cmTC_415d7.dir/src.cxx.o  -o cmTC_415d7 
make[1]: Leaving directory '/home/water/blockchains/catalyst-cli/cmake-build-debug/CMakeFiles/CMakeTmp'


Source file was:
#include <cstdio>
      int main() { return 0; }
Performing C++ SOURCE FILE Test check_cxx_compiler_flag__mno_avx512dq succeeded with the following output:
Change Dir: /home/water/blockchains/catalyst-cli/cmake-build-debug/CMakeFiles/CMakeTmp

Run Build Command(s):/usr/bin/make cmTC_1128e/fast && /usr/bin/make -f CMakeFiles/cmTC_1128e.dir/build.make CMakeFiles/cmTC_1128e.dir/build
make[1]: Entering directory '/home/water/blockchains/catalyst-cli/cmake-build-debug/CMakeFiles/CMakeTmp'
Building CXX object CMakeFiles/cmTC_1128e.dir/src.cxx.o
/usr/bin/c++    -std=c++17  -Wall -Wextra -Wpointer-arith -Wvla -Wwrite-strings  -Wno-error=extra -Wno-error=unused-function -Wno-error=sign-compare -Wno-error=strict-aliasing -Wno-error=type-limits -Wno-unused-parameter -Wno-error=unused-variable -Wno-error=undef -Wno-error=uninitialized -Wno-error=unused-result -Wlogical-op -Wno-error=maybe-uninitialized -Wno-error=clobbered -Wno-error=unused-but-set-variable -Wno-error=odr -Wno-reorder -Wno-missing-field-initializers -march=native -maes -pthread -w -Wno-everything -Dcheck_cxx_compiler_flag__mno_avx512dq   -mno-avx512dq -o CMakeFiles/cmTC_1128e.dir/src.cxx.o -c /home/water/blockchains/catalyst-cli/cmake-build-debug/CMakeFiles/CMakeTmp/src.cxx
Linking CXX executable cmTC_1128e
/home/water/.local/share/JetBrains/Toolbox/apps/CLion/ch-0/193.6015.37/bin/cmake/linux/bin/cmake -E cmake_link_script CMakeFiles/cmTC_1128e.dir/link.txt --verbose=1
/usr/bin/c++   -std=c++17  -Wall -Wextra -Wpointer-arith -Wvla -Wwrite-strings  -Wno-error=extra -Wno-error=unused-function -Wno-error=sign-compare -Wno-error=strict-aliasing -Wno-error=type-limits -Wno-unused-parameter -Wno-error=unused-variable -Wno-error=undef -Wno-error=uninitialized -Wno-error=unused-result -Wlogical-op -Wno-error=maybe-uninitialized -Wno-error=clobbered -Wno-error=unused-but-set-variable -Wno-error=odr -Wno-reorder -Wno-missing-field-initializers -march=native -maes -pthread -w -Wno-everything -Dcheck_cxx_compiler_flag__mno_avx512dq    -rdynamic CMakeFiles/cmTC_1128e.dir/src.cxx.o  -o cmTC_1128e 
make[1]: Leaving directory '/home/water/blockchains/catalyst-cli/cmake-build-debug/CMakeFiles/CMakeTmp'


Source file was:
#include <cstdio>
      int main() { return 0; }
Performing C++ SOURCE FILE Test check_cxx_compiler_flag__mno_avx512bw succeeded with the following output:
Change Dir: /home/water/blockchains/catalyst-cli/cmake-build-debug/CMakeFiles/CMakeTmp

Run Build Command(s):/usr/bin/make cmTC_5237d/fast && /usr/bin/make -f CMakeFiles/cmTC_5237d.dir/build.make CMakeFiles/cmTC_5237d.dir/build
make[1]: Entering directory '/home/water/blockchains/catalyst-cli/cmake-build-debug/CMakeFiles/CMakeTmp'
Building CXX object CMakeFiles/cmTC_5237d.dir/src.cxx.o
/usr/bin/c++    -std=c++17  -Wall -Wextra -Wpointer-arith -Wvla -Wwrite-strings  -Wno-error=extra -Wno-error=unused-function -Wno-error=sign-compare -Wno-error=strict-aliasing -Wno-error=type-limits -Wno-unused-parameter -Wno-error=unused-variable -Wno-error=undef -Wno-error=uninitialized -Wno-error=unused-result -Wlogical-op -Wno-error=maybe-uninitialized -Wno-error=clobbered -Wno-error=unused-but-set-variable -Wno-error=odr -Wno-reorder -Wno-missing-field-initializers -march=native -maes -pthread -w -Wno-everything -Dcheck_cxx_compiler_flag__mno_avx512bw   -mno-avx512bw -o CMakeFiles/cmTC_5237d.dir/src.cxx.o -c /home/water/blockchains/catalyst-cli/cmake-build-debug/CMakeFiles/CMakeTmp/src.cxx
Linking CXX executable cmTC_5237d
/home/water/.local/share/JetBrains/Toolbox/apps/CLion/ch-0/193.6015.37/bin/cmake/linux/bin/cmake -E cmake_link_script CMakeFiles/cmTC_5237d.dir/link.txt --verbose=1
/usr/bin/c++   -std=c++17  -Wall -Wextra -Wpointer-arith -Wvla -Wwrite-strings  -Wno-error=extra -Wno-error=unused-function -Wno-error=sign-compare -Wno-error=strict-aliasing -Wno-error=type-limits -Wno-unused-parameter -Wno-error=unused-variable -Wno-error=undef -Wno-error=uninitialized -Wno-error=unused-result -Wlogical-op -Wno-error=maybe-uninitialized -Wno-error=clobbered -Wno-error=unused-but-set-variable -Wno-error=odr -Wno-reorder -Wno-missing-field-initializers -march=native -maes -pthread -w -Wno-everything -Dcheck_cxx_compiler_flag__mno_avx512bw    -rdynamic CMakeFiles/cmTC_5237d.dir/src.cxx.o  -o cmTC_5237d 
make[1]: Leaving directory '/home/water/blockchains/catalyst-cli/cmake-build-debug/CMakeFiles/CMakeTmp'


Source file was:
#include <cstdio>
      int main() { return 0; }
Performing C++ SOURCE FILE Test check_cxx_compiler_flag__mno_avx512ifma succeeded with the following output:
Change Dir: /home/water/blockchains/catalyst-cli/cmake-build-debug/CMakeFiles/CMakeTmp

Run Build Command(s):/usr/bin/make cmTC_6f44f/fast && /usr/bin/make -f CMakeFiles/cmTC_6f44f.dir/build.make CMakeFiles/cmTC_6f44f.dir/build
make[1]: Entering directory '/home/water/blockchains/catalyst-cli/cmake-build-debug/CMakeFiles/CMakeTmp'
Building CXX object CMakeFiles/cmTC_6f44f.dir/src.cxx.o
/usr/bin/c++    -std=c++17  -Wall -Wextra -Wpointer-arith -Wvla -Wwrite-strings  -Wno-error=extra -Wno-error=unused-function -Wno-error=sign-compare -Wno-error=strict-aliasing -Wno-error=type-limits -Wno-unused-parameter -Wno-error=unused-variable -Wno-error=undef -Wno-error=uninitialized -Wno-error=unused-result -Wlogical-op -Wno-error=maybe-uninitialized -Wno-error=clobbered -Wno-error=unused-but-set-variable -Wno-error=odr -Wno-reorder -Wno-missing-field-initializers -march=native -maes -pthread -w -Wno-everything -Dcheck_cxx_compiler_flag__mno_avx512ifma   -mno-avx512ifma -o CMakeFiles/cmTC_6f44f.dir/src.cxx.o -c /home/water/blockchains/catalyst-cli/cmake-build-debug/CMakeFiles/CMakeTmp/src.cxx
Linking CXX executable cmTC_6f44f
/home/water/.local/share/JetBrains/Toolbox/apps/CLion/ch-0/193.6015.37/bin/cmake/linux/bin/cmake -E cmake_link_script CMakeFiles/cmTC_6f44f.dir/link.txt --verbose=1
/usr/bin/c++   -std=c++17  -Wall -Wextra -Wpointer-arith -Wvla -Wwrite-strings  -Wno-error=extra -Wno-error=unused-function -Wno-error=sign-compare -Wno-error=strict-aliasing -Wno-error=type-limits -Wno-unused-parameter -Wno-error=unused-variable -Wno-error=undef -Wno-error=uninitialized -Wno-error=unused-result -Wlogical-op -Wno-error=maybe-uninitialized -Wno-error=clobbered -Wno-error=unused-but-set-variable -Wno-error=odr -Wno-reorder -Wno-missing-field-initializers -march=native -maes -pthread -w -Wno-everything -Dcheck_cxx_compiler_flag__mno_avx512ifma    -rdynamic CMakeFiles/cmTC_6f44f.dir/src.cxx.o  -o cmTC_6f44f 
make[1]: Leaving directory '/home/water/blockchains/catalyst-cli/cmake-build-debug/CMakeFiles/CMakeTmp'


Source file was:
#include <cstdio>
      int main() { return 0; }
Performing C++ SOURCE FILE Test check_cxx_compiler_flag__mno_avx512vbmi succeeded with the following output:
Change Dir: /home/water/blockchains/catalyst-cli/cmake-build-debug/CMakeFiles/CMakeTmp

Run Build Command(s):/usr/bin/make cmTC_28118/fast && /usr/bin/make -f CMakeFiles/cmTC_28118.dir/build.make CMakeFiles/cmTC_28118.dir/build
make[1]: Entering directory '/home/water/blockchains/catalyst-cli/cmake-build-debug/CMakeFiles/CMakeTmp'
Building CXX object CMakeFiles/cmTC_28118.dir/src.cxx.o
/usr/bin/c++    -std=c++17  -Wall -Wextra -Wpointer-arith -Wvla -Wwrite-strings  -Wno-error=extra -Wno-error=unused-function -Wno-error=sign-compare -Wno-error=strict-aliasing -Wno-error=type-limits -Wno-unused-parameter -Wno-error=unused-variable -Wno-error=undef -Wno-error=uninitialized -Wno-error=unused-result -Wlogical-op -Wno-error=maybe-uninitialized -Wno-error=clobbered -Wno-error=unused-but-set-variable -Wno-error=odr -Wno-reorder -Wno-missing-field-initializers -march=native -maes -pthread -w -Wno-everything -Dcheck_cxx_compiler_flag__mno_avx512vbmi   -mno-avx512vbmi -o CMakeFiles/cmTC_28118.dir/src.cxx.o -c /home/water/blockchains/catalyst-cli/cmake-build-debug/CMakeFiles/CMakeTmp/src.cxx
Linking CXX executable cmTC_28118
/home/water/.local/share/JetBrains/Toolbox/apps/CLion/ch-0/193.6015.37/bin/cmake/linux/bin/cmake -E cmake_link_script CMakeFiles/cmTC_28118.dir/link.txt --verbose=1
/usr/bin/c++   -std=c++17  -Wall -Wextra -Wpointer-arith -Wvla -Wwrite-strings  -Wno-error=extra -Wno-error=unused-function -Wno-error=sign-compare -Wno-error=strict-aliasing -Wno-error=type-limits -Wno-unused-parameter -Wno-error=unused-variable -Wno-error=undef -Wno-error=uninitialized -Wno-error=unused-result -Wlogical-op -Wno-error=maybe-uninitialized -Wno-error=clobbered -Wno-error=unused-but-set-variable -Wno-error=odr -Wno-reorder -Wno-missing-field-initializers -march=native -maes -pthread -w -Wno-everything -Dcheck_cxx_compiler_flag__mno_avx512vbmi    -rdynamic CMakeFiles/cmTC_28118.dir/src.cxx.o  -o cmTC_28118 
make[1]: Leaving directory '/home/water/blockchains/catalyst-cli/cmake-build-debug/CMakeFiles/CMakeTmp'


Source file was:
#include <cstdio>
      int main() { return 0; }
